TN:
SF:app\_layout.jsx
FN:127,useFont
FN:131,AppText
FN:136,FontProvider
FN:138,(anonymous_3)
FN:152,(anonymous_4)
FN:157,RootLayoutNav
FN:165,(anonymous_6)
FN:185,(anonymous_7)
FN:225,RootLayout
FN:227,(anonymous_9)
FNF:10
FNH:0
FNDA:0,useFont
FNDA:0,AppText
FNDA:0,FontProvider
FNDA:0,(anonymous_3)
FNDA:0,(anonymous_4)
FNDA:0,RootLayoutNav
FNDA:0,(anonymous_6)
FNDA:0,(anonymous_7)
FNDA:0,RootLayout
FNDA:0,(anonymous_9)
DA:126,0
DA:128,0
DA:132,0
DA:133,0
DA:137,0
DA:138,0
DA:139,0
DA:152,0
DA:154,0
DA:158,0
DA:159,0
DA:160,0
DA:163,0
DA:165,0
DA:166,0
DA:168,0
DA:169,0
DA:171,0
DA:173,0
DA:174,0
DA:175,0
DA:176,0
DA:178,0
DA:179,0
DA:185,0
DA:186,0
DA:189,0
DA:213,0
DA:227,0
DA:228,0
DA:231,0
DA:237,0
DA:245,0
LF:33
LH:0
BRDA:133,0,0,0
BRDA:133,0,1,0
BRDA:166,1,0,0
BRDA:166,1,1,0
BRDA:171,2,0,0
BRDA:171,2,1,0
BRDA:171,3,0,0
BRDA:171,3,1,0
BRDA:171,3,2,0
BRDA:173,4,0,0
BRDA:173,4,1,0
BRDA:175,5,0,0
BRDA:175,5,1,0
BRDA:178,6,0,0
BRDA:178,6,1,0
BRDA:186,7,0,0
BRDA:186,7,1,0
BRDA:186,8,0,0
BRDA:186,8,1,0
BRF:19
BRH:0
end_of_record
TN:
SF:app\index.jsx
FN:6,(anonymous_0)
FN:9,(anonymous_1)
FN:49,IndexPage
FN:54,(anonymous_3)
FN:56,(anonymous_4)
FN:86,(anonymous_5)
FNF:6
FNH:0
FNDA:0,(anonymous_0)
FNDA:0,(anonymous_1)
FNDA:0,IndexPage
FNDA:0,(anonymous_3)
FNDA:0,(anonymous_4)
FNDA:0,(anonymous_5)
DA:6,0
DA:7,0
DA:9,0
DA:10,0
DA:26,0
DA:50,0
DA:51,0
DA:52,0
DA:54,0
DA:56,0
DA:57,0
DA:64,0
DA:65,0
DA:66,0
DA:67,0
DA:68,0
DA:69,0
DA:70,0
DA:71,0
DA:72,0
DA:73,0
DA:74,0
DA:75,0
DA:76,0
DA:79,0
DA:82,0
DA:86,0
DA:90,0
DA:91,0
DA:95,0
DA:98,0
LF:31
LH:0
BRDA:64,0,0,0
BRDA:64,0,1,0
BRDA:68,1,0,0
BRDA:68,1,1,0
BRDA:69,2,0,0
BRDA:69,2,1,0
BRDA:73,3,0,0
BRDA:73,3,1,0
BRDA:90,4,0,0
BRDA:90,4,1,0
BRDA:90,5,0,0
BRDA:90,5,1,0
BRF:12
BRH:0
end_of_record
TN:
SF:app\(auth)\GoogleSignInScreen.jsx
FN:10,GoogleSignInScreen
FN:14,(anonymous_1)
FN:21,(anonymous_2)
FNF:3
FNH:0
FNDA:0,GoogleSignInScreen
FNDA:0,(anonymous_1)
FNDA:0,(anonymous_2)
DA:8,0
DA:11,0
DA:12,0
DA:14,0
DA:15,0
DA:18,0
DA:21,0
DA:22,0
DA:23,0
DA:24,0
DA:25,0
DA:26,0
DA:27,0
DA:28,0
DA:29,0
DA:30,0
DA:32,0
DA:36,0
DA:37,0
DA:39,0
DA:40,0
DA:41,0
DA:43,0
DA:48,0
DA:49,0
DA:51,0
DA:54,0
DA:57,0
DA:58,0
DA:60,0
DA:64,0
DA:85,0
LF:32
LH:0
BRDA:30,0,0,0
BRDA:30,0,1,0
BRDA:37,1,0,0
BRDA:37,1,1,0
BRDA:39,2,0,0
BRDA:39,2,1,0
BRDA:40,3,0,0
BRDA:40,3,1,0
BRDA:41,4,0,0
BRDA:41,4,1,0
BRDA:49,5,0,0
BRDA:49,5,1,0
BRDA:49,6,0,0
BRDA:49,6,1,0
BRDA:71,7,0,0
BRDA:71,7,1,0
BRDA:80,8,0,0
BRDA:80,8,1,0
BRF:18
BRH:0
end_of_record
TN:
SF:app\(auth)\_layout.jsx
FN:5,AuthLayout
FNF:1
FNH:0
FNDA:0,AuthLayout
DA:6,0
LF:1
LH:0
BRF:0
BRH:0
end_of_record
TN:
SF:app\(auth)\signin.jsx
FN:26,(anonymous_0)
FN:36,(anonymous_1)
FN:37,(anonymous_2)
FN:39,(anonymous_3)
FN:99,(anonymous_4)
FN:103,(anonymous_5)
FN:113,(anonymous_6)
FN:120,(anonymous_7)
FN:224,(anonymous_8)
FN:255,SigninScreen
FN:272,(anonymous_10)
FN:282,(anonymous_11)
FN:294,(anonymous_12)
FN:298,(anonymous_13)
FN:302,(anonymous_14)
FN:318,(anonymous_15)
FN:324,(anonymous_16)
FN:337,(anonymous_17)
FN:357,(anonymous_18)
FN:360,(anonymous_19)
FN:383,(anonymous_20)
FN:396,(anonymous_21)
FN:420,(anonymous_22)
FN:421,(anonymous_23)
FN:430,(anonymous_24)
FN:432,(anonymous_25)
FN:478,(anonymous_26)
FN:530,(anonymous_27)
FN:538,(anonymous_28)
FN:543,(anonymous_29)
FN:685,(anonymous_30)
FNF:31
FNH:0
FNDA:0,(anonymous_0)
FNDA:0,(anonymous_1)
FNDA:0,(anonymous_2)
FNDA:0,(anonymous_3)
FNDA:0,(anonymous_4)
FNDA:0,(anonymous_5)
FNDA:0,(anonymous_6)
FNDA:0,(anonymous_7)
FNDA:0,(anonymous_8)
FNDA:0,SigninScreen
FNDA:0,(anonymous_10)
FNDA:0,(anonymous_11)
FNDA:0,(anonymous_12)
FNDA:0,(anonymous_13)
FNDA:0,(anonymous_14)
FNDA:0,(anonymous_15)
FNDA:0,(anonymous_16)
FNDA:0,(anonymous_17)
FNDA:0,(anonymous_18)
FNDA:0,(anonymous_19)
FNDA:0,(anonymous_20)
FNDA:0,(anonymous_21)
FNDA:0,(anonymous_22)
FNDA:0,(anonymous_23)
FNDA:0,(anonymous_24)
FNDA:0,(anonymous_25)
FNDA:0,(anonymous_26)
FNDA:0,(anonymous_27)
FNDA:0,(anonymous_28)
FNDA:0,(anonymous_29)
FNDA:0,(anonymous_30)
DA:23,0
DA:26,0
DA:33,0
DA:34,0
DA:36,0
DA:37,0
DA:39,0
DA:40,0
DA:44,0
DA:96,0
DA:99,0
DA:100,0
DA:101,0
DA:103,0
DA:104,0
DA:105,0
DA:106,0
DA:108,0
DA:109,0
DA:113,0
DA:114,0
DA:120,0
DA:121,0
DA:123,0
DA:125,0
DA:127,0
DA:131,0
DA:207,0
DA:224,0
DA:225,0
DA:227,0
DA:228,0
DA:231,0
DA:232,0
DA:235,0
DA:236,0
DA:239,0
DA:240,0
DA:243,0
DA:244,0
DA:247,0
DA:248,0
DA:252,0
DA:256,0
DA:257,0
DA:258,0
DA:259,0
DA:260,0
DA:261,0
DA:262,0
DA:263,0
DA:265,0
DA:268,0
DA:269,0
DA:270,0
DA:272,0
DA:274,0
DA:279,0
DA:280,0
DA:282,0
DA:283,0
DA:284,0
DA:285,0
DA:287,0
DA:291,0
DA:294,0
DA:295,0
DA:298,0
DA:299,0
DA:302,0
DA:303,0
DA:304,0
DA:305,0
DA:308,0
DA:309,0
DA:310,0
DA:312,0
DA:313,0
DA:315,0
DA:316,0
DA:318,0
DA:319,0
DA:320,0
DA:324,0
DA:325,0
DA:328,0
DA:329,0
DA:330,0
DA:331,0
DA:333,0
DA:337,0
DA:338,0
DA:339,0
DA:340,0
DA:343,0
DA:346,0
DA:349,0
DA:351,0
DA:353,0
DA:354,0
DA:356,0
DA:357,0
DA:360,0
DA:361,0
DA:364,0
DA:366,0
DA:368,0
DA:369,0
DA:370,0
DA:371,0
DA:372,0
DA:373,0
DA:376,0
DA:377,0
DA:379,0
DA:383,0
DA:384,0
DA:385,0
DA:386,0
DA:389,0
DA:397,0
DA:398,0
DA:401,0
DA:403,0
DA:404,0
DA:407,0
DA:409,0
DA:410,0
DA:412,0
DA:420,0
DA:421,0
DA:422,0
DA:427,0
DA:431,0
DA:432,0
DA:433,0
DA:434,0
DA:478,0
DA:486,0
DA:528,0
DA:530,0
DA:531,0
DA:538,0
DA:539,0
DA:540,0
DA:543,0
DA:545,0
DA:547,0
DA:685,0
LF:149
LH:0
BRDA:31,0,0,0
BRDA:58,1,0,0
BRDA:58,1,1,0
BRDA:87,2,0,0
BRDA:87,2,1,0
BRDA:104,3,0,0
BRDA:104,3,1,0
BRDA:121,4,0,0
BRDA:121,4,1,0
BRDA:121,4,2,0
BRDA:167,5,0,0
BRDA:167,5,1,0
BRDA:168,6,0,0
BRDA:168,6,1,0
BRDA:197,7,0,0
BRDA:197,7,1,0
BRDA:225,8,0,0
BRDA:225,8,1,0
BRDA:225,8,2,0
BRDA:227,9,0,0
BRDA:227,9,1,0
BRDA:227,10,0,0
BRDA:227,10,1,0
BRDA:231,11,0,0
BRDA:231,11,1,0
BRDA:231,12,0,0
BRDA:231,12,1,0
BRDA:235,13,0,0
BRDA:235,13,1,0
BRDA:235,14,0,0
BRDA:235,14,1,0
BRDA:239,15,0,0
BRDA:239,15,1,0
BRDA:243,16,0,0
BRDA:243,16,1,0
BRDA:243,17,0,0
BRDA:243,17,1,0
BRDA:247,18,0,0
BRDA:247,18,1,0
BRDA:294,19,0,0
BRDA:303,20,0,0
BRDA:303,20,1,0
BRDA:303,21,0,0
BRDA:303,21,1,0
BRDA:315,22,0,0
BRDA:315,22,1,0
BRDA:351,23,0,0
BRDA:351,23,1,0
BRDA:368,24,0,0
BRDA:368,24,1,0
BRDA:370,25,0,0
BRDA:370,25,1,0
BRDA:372,26,0,0
BRDA:372,26,1,0
BRDA:384,27,0,0
BRDA:384,27,1,0
BRDA:403,28,0,0
BRDA:403,28,1,0
BRDA:420,29,0,0
BRDA:444,30,0,0
BRDA:444,30,1,0
BRDA:445,31,0,0
BRDA:445,31,1,0
BRDA:450,32,0,0
BRDA:450,32,1,0
BRDA:482,33,0,0
BRDA:484,34,0,0
BRDA:499,35,0,0
BRDA:499,35,1,0
BRDA:552,36,0,0
BRDA:552,36,1,0
BRDA:554,37,0,0
BRDA:554,37,1,0
BRDA:601,38,0,0
BRDA:601,38,1,0
BRDA:657,39,0,0
BRDA:657,39,1,0
BRDA:661,40,0,0
BRDA:661,40,1,0
BRDA:667,41,0,0
BRDA:667,41,1,0
BRF:81
BRH:0
end_of_record
TN:
SF:app\(auth)\signup.jsx
FN:28,(anonymous_0)
FN:38,(anonymous_1)
FN:39,(anonymous_2)
FN:41,(anonymous_3)
FN:101,(anonymous_4)
FN:105,(anonymous_5)
FN:115,(anonymous_6)
FN:122,(anonymous_7)
FN:226,(anonymous_8)
FN:227,(anonymous_9)
FN:229,(anonymous_10)
FN:233,(anonymous_11)
FN:255,(anonymous_12)
FN:290,SignUpScreen
FN:310,(anonymous_14)
FN:313,(anonymous_15)
FN:318,(anonymous_16)
FN:328,(anonymous_17)
FN:332,(anonymous_18)
FN:336,(anonymous_19)
FN:352,(anonymous_20)
FN:354,(anonymous_21)
FN:377,(anonymous_22)
FN:446,(anonymous_23)
FN:452,(anonymous_24)
FN:460,(anonymous_25)
FN:478,(anonymous_26)
FN:491,(anonymous_27)
FN:492,(anonymous_28)
FN:501,(anonymous_29)
FN:503,(anonymous_30)
FN:549,(anonymous_31)
FN:602,(anonymous_32)
FN:610,(anonymous_33)
FN:611,(anonymous_34)
FN:612,(anonymous_35)
FN:619,(anonymous_36)
FN:709,(anonymous_37)
FNF:38
FNH:0
FNDA:0,(anonymous_0)
FNDA:0,(anonymous_1)
FNDA:0,(anonymous_2)
FNDA:0,(anonymous_3)
FNDA:0,(anonymous_4)
FNDA:0,(anonymous_5)
FNDA:0,(anonymous_6)
FNDA:0,(anonymous_7)
FNDA:0,(anonymous_8)
FNDA:0,(anonymous_9)
FNDA:0,(anonymous_10)
FNDA:0,(anonymous_11)
FNDA:0,(anonymous_12)
FNDA:0,SignUpScreen
FNDA:0,(anonymous_14)
FNDA:0,(anonymous_15)
FNDA:0,(anonymous_16)
FNDA:0,(anonymous_17)
FNDA:0,(anonymous_18)
FNDA:0,(anonymous_19)
FNDA:0,(anonymous_20)
FNDA:0,(anonymous_21)
FNDA:0,(anonymous_22)
FNDA:0,(anonymous_23)
FNDA:0,(anonymous_24)
FNDA:0,(anonymous_25)
FNDA:0,(anonymous_26)
FNDA:0,(anonymous_27)
FNDA:0,(anonymous_28)
FNDA:0,(anonymous_29)
FNDA:0,(anonymous_30)
FNDA:0,(anonymous_31)
FNDA:0,(anonymous_32)
FNDA:0,(anonymous_33)
FNDA:0,(anonymous_34)
FNDA:0,(anonymous_35)
FNDA:0,(anonymous_36)
FNDA:0,(anonymous_37)
DA:25,0
DA:28,0
DA:35,0
DA:36,0
DA:38,0
DA:39,0
DA:41,0
DA:42,0
DA:46,0
DA:98,0
DA:101,0
DA:102,0
DA:103,0
DA:105,0
DA:106,0
DA:107,0
DA:108,0
DA:110,0
DA:111,0
DA:115,0
DA:116,0
DA:122,0
DA:123,0
DA:125,0
DA:127,0
DA:129,0
DA:133,0
DA:209,0
DA:226,0
DA:227,0
DA:229,0
DA:230,0
DA:231,0
DA:233,0
DA:234,0
DA:235,0
DA:236,0
DA:238,0
DA:240,0
DA:242,0
DA:243,0
DA:248,0
DA:255,0
DA:256,0
DA:258,0
DA:259,0
DA:262,0
DA:263,0
DA:266,0
DA:267,0
DA:270,0
DA:271,0
DA:274,0
DA:275,0
DA:278,0
DA:279,0
DA:282,0
DA:283,0
DA:287,0
DA:291,0
DA:292,0
DA:293,0
DA:294,0
DA:295,0
DA:296,0
DA:297,0
DA:298,0
DA:299,0
DA:300,0
DA:303,0
DA:304,0
DA:305,0
DA:308,0
DA:310,0
DA:318,0
DA:319,0
DA:324,0
DA:325,0
DA:328,0
DA:329,0
DA:332,0
DA:333,0
DA:336,0
DA:337,0
DA:338,0
DA:339,0
DA:341,0
DA:342,0
DA:344,0
DA:345,0
DA:346,0
DA:347,0
DA:348,0
DA:349,0
DA:351,0
DA:352,0
DA:354,0
DA:355,0
DA:358,0
DA:360,0
DA:362,0
DA:363,0
DA:364,0
DA:365,0
DA:366,0
DA:367,0
DA:370,0
DA:371,0
DA:373,0
DA:377,0
DA:379,0
DA:380,0
DA:381,0
DA:384,0
DA:385,0
DA:386,0
DA:389,0
DA:390,0
DA:391,0
DA:395,0
DA:396,0
DA:397,0
DA:398,0
DA:402,0
DA:403,0
DA:404,0
DA:405,0
DA:409,0
DA:410,0
DA:411,0
DA:412,0
DA:416,0
DA:417,0
DA:418,0
DA:421,0
DA:422,0
DA:423,0
DA:426,0
DA:427,0
DA:428,0
DA:430,0
DA:431,0
DA:434,0
DA:435,0
DA:438,0
DA:439,0
DA:440,0
DA:443,0
DA:446,0
DA:447,0
DA:448,0
DA:450,0
DA:452,0
DA:453,0
DA:454,0
DA:455,0
DA:457,0
DA:460,0
DA:461,0
DA:462,0
DA:464,0
DA:470,0
DA:474,0
DA:475,0
DA:478,0
DA:479,0
DA:482,0
DA:483,0
DA:484,0
DA:485,0
DA:487,0
DA:491,0
DA:492,0
DA:493,0
DA:498,0
DA:502,0
DA:503,0
DA:504,0
DA:505,0
DA:549,0
DA:557,0
DA:600,0
DA:602,0
DA:603,0
DA:610,0
DA:611,0
DA:612,0
DA:614,0
DA:619,0
DA:620,0
DA:623,0
DA:709,0
LF:192
LH:0
BRDA:33,0,0,0
BRDA:60,1,0,0
BRDA:60,1,1,0
BRDA:89,2,0,0
BRDA:89,2,1,0
BRDA:106,3,0,0
BRDA:106,3,1,0
BRDA:123,4,0,0
BRDA:123,4,1,0
BRDA:123,4,2,0
BRDA:169,5,0,0
BRDA:169,5,1,0
BRDA:170,6,0,0
BRDA:170,6,1,0
BRDA:199,7,0,0
BRDA:199,7,1,0
BRDA:226,8,0,0
BRDA:235,9,0,0
BRDA:235,9,1,0
BRDA:256,10,0,0
BRDA:256,10,1,0
BRDA:256,10,2,0
BRDA:258,11,0,0
BRDA:258,11,1,0
BRDA:258,12,0,0
BRDA:258,12,1,0
BRDA:262,13,0,0
BRDA:262,13,1,0
BRDA:262,14,0,0
BRDA:262,14,1,0
BRDA:266,15,0,0
BRDA:266,15,1,0
BRDA:266,16,0,0
BRDA:266,16,1,0
BRDA:270,17,0,0
BRDA:270,17,1,0
BRDA:274,18,0,0
BRDA:274,18,1,0
BRDA:278,19,0,0
BRDA:278,19,1,0
BRDA:278,20,0,0
BRDA:278,20,1,0
BRDA:282,21,0,0
BRDA:282,21,1,0
BRDA:310,22,0,0
BRDA:310,22,1,0
BRDA:328,23,0,0
BRDA:348,24,0,0
BRDA:348,24,1,0
BRDA:362,25,0,0
BRDA:362,25,1,0
BRDA:364,26,0,0
BRDA:364,26,1,0
BRDA:366,27,0,0
BRDA:366,27,1,0
BRDA:384,28,0,0
BRDA:384,28,1,0
BRDA:384,29,0,0
BRDA:384,29,1,0
BRDA:389,30,0,0
BRDA:389,30,1,0
BRDA:389,31,0,0
BRDA:389,31,1,0
BRDA:396,32,0,0
BRDA:396,32,1,0
BRDA:397,33,0,0
BRDA:397,33,1,0
BRDA:403,34,0,0
BRDA:403,34,1,0
BRDA:404,35,0,0
BRDA:404,35,1,0
BRDA:410,36,0,0
BRDA:410,36,1,0
BRDA:411,37,0,0
BRDA:411,37,1,0
BRDA:416,38,0,0
BRDA:416,38,1,0
BRDA:421,39,0,0
BRDA:421,39,1,0
BRDA:438,40,0,0
BRDA:438,40,1,0
BRDA:438,41,0,0
BRDA:438,41,1,0
BRDA:438,41,2,0
BRDA:491,42,0,0
BRDA:515,43,0,0
BRDA:515,43,1,0
BRDA:516,44,0,0
BRDA:516,44,1,0
BRDA:521,45,0,0
BRDA:521,45,1,0
BRDA:553,46,0,0
BRDA:555,47,0,0
BRDA:562,48,0,0
BRDA:562,48,1,0
BRDA:569,49,0,0
BRDA:569,49,1,0
BRDA:571,50,0,0
BRDA:571,50,1,0
BRDA:628,51,0,0
BRDA:628,51,1,0
BRDA:630,52,0,0
BRDA:630,52,1,0
BRDA:652,53,0,0
BRDA:652,53,1,0
BRDA:677,54,0,0
BRDA:677,54,1,0
BRDA:805,55,0,0
BRDA:805,55,1,0
BRF:109
BRH:0
end_of_record
TN:
SF:app\(auth)\welcome.jsx
FN:52,(anonymous_0)
FN:53,(anonymous_1)
FN:69,(anonymous_2)
FN:120,(anonymous_3)
FN:121,(anonymous_4)
FN:122,(anonymous_5)
FN:138,(anonymous_6)
FN:151,(anonymous_7)
FN:159,OnboardingScreen
FN:171,(anonymous_9)
FN:181,(anonymous_10)
FN:185,(anonymous_11)
FN:191,(anonymous_12)
FN:198,(anonymous_13)
FN:202,(anonymous_14)
FN:224,(anonymous_15)
FNF:16
FNH:0
FNDA:0,(anonymous_0)
FNDA:0,(anonymous_1)
FNDA:0,(anonymous_2)
FNDA:0,(anonymous_3)
FNDA:0,(anonymous_4)
FNDA:0,(anonymous_5)
FNDA:0,(anonymous_6)
FNDA:0,(anonymous_7)
FNDA:0,OnboardingScreen
FNDA:0,(anonymous_9)
FNDA:0,(anonymous_10)
FNDA:0,(anonymous_11)
FNDA:0,(anonymous_12)
FNDA:0,(anonymous_13)
FNDA:0,(anonymous_14)
FNDA:0,(anonymous_15)
DA:28,0
DA:29,0
DA:30,0
DA:33,0
DA:52,0
DA:53,0
DA:54,0
DA:60,0
DA:66,0
DA:69,0
DA:70,0
DA:76,0
DA:82,0
DA:85,0
DA:120,0
DA:121,0
DA:122,0
DA:123,0
DA:129,0
DA:135,0
DA:137,0
DA:138,0
DA:149,0
DA:152,0
DA:160,0
DA:161,0
DA:163,0
DA:164,0
DA:165,0
DA:166,0
DA:167,0
DA:170,0
DA:172,0
DA:173,0
DA:174,0
DA:175,0
DA:176,0
DA:181,0
DA:182,0
DA:185,0
DA:186,0
DA:187,0
DA:191,0
DA:192,0
DA:193,0
DA:194,0
DA:197,0
DA:198,0
DA:202,0
DA:203,0
DA:214,0
DA:224,0
LF:52
LH:0
BRDA:98,0,0,0
BRDA:98,0,1,0
BRDA:107,1,0,0
BRDA:107,1,1,0
BRDA:141,2,0,0
BRDA:141,2,1,0
BRDA:174,3,0,0
BRDA:174,3,1,0
BRDA:186,4,0,0
BRDA:186,4,1,0
BRDA:204,5,0,0
BRDA:204,5,1,0
BRDA:208,6,0,0
BRDA:208,6,1,0
BRDA:216,7,0,0
BRDA:216,7,1,0
BRDA:242,8,0,0
BRDA:242,8,1,0
BRDA:247,9,0,0
BRDA:247,9,1,0
BRDA:248,10,0,0
BRDA:248,10,1,0
BRDA:252,11,0,0
BRDA:252,11,1,0
BRDA:263,12,0,0
BRDA:263,12,1,0
BRDA:267,13,0,0
BRDA:267,13,1,0
BRF:28
BRH:0
end_of_record
TN:
SF:app\(auth)\onboarding\EducationDetailsStep.jsx
FN:40,(anonymous_0)
FN:42,EducationDetailsStep
FN:50,(anonymous_2)
FN:100,(anonymous_3)
FN:105,(anonymous_4)
FN:107,(anonymous_5)
FN:212,(anonymous_6)
FN:310,(anonymous_7)
FN:375,(anonymous_8)
FN:408,(anonymous_9)
FN:426,(anonymous_10)
FNF:11
FNH:0
FNDA:0,(anonymous_0)
FNDA:0,EducationDetailsStep
FNDA:0,(anonymous_2)
FNDA:0,(anonymous_3)
FNDA:0,(anonymous_4)
FNDA:0,(anonymous_5)
FNDA:0,(anonymous_6)
FNDA:0,(anonymous_7)
FNDA:0,(anonymous_8)
FNDA:0,(anonymous_9)
FNDA:0,(anonymous_10)
DA:16,0
DA:39,0
DA:40,0
DA:43,0
DA:44,0
DA:45,0
DA:46,0
DA:47,0
DA:48,0
DA:50,0
DA:51,0
DA:52,0
DA:53,0
DA:56,0
DA:57,0
DA:58,0
DA:61,0
DA:62,0
DA:63,0
DA:66,0
DA:67,0
DA:70,0
DA:81,0
DA:84,0
DA:85,0
DA:88,0
DA:91,0
DA:93,0
DA:94,0
DA:96,0
DA:100,0
DA:101,0
DA:102,0
DA:105,0
DA:106,0
DA:107,0
DA:127,0
DA:213,0
DA:310,0
DA:375,0
DA:408,0
DA:426,0
LF:42
LH:0
BRDA:43,0,0,0
BRDA:43,0,1,0
BRDA:44,1,0,0
BRDA:44,1,1,0
BRDA:45,2,0,0
BRDA:45,2,1,0
BRDA:51,3,0,0
BRDA:51,3,1,0
BRDA:56,4,0,0
BRDA:56,4,1,0
BRDA:61,5,0,0
BRDA:61,5,1,0
BRDA:84,6,0,0
BRDA:84,6,1,0
BRDA:113,7,0,0
BRDA:113,7,1,0
BRDA:119,8,0,0
BRDA:119,8,1,0
BRDA:325,9,0,0
BRDA:325,9,1,0
BRDA:330,10,0,0
BRDA:330,10,1,0
BRDA:472,11,0,0
BRDA:472,11,1,0
BRDA:472,11,2,0
BRDA:472,11,3,0
BRDA:482,12,0,0
BRDA:482,12,1,0
BRDA:482,13,0,0
BRDA:482,13,1,0
BRDA:482,13,2,0
BRDA:482,13,3,0
BRDA:489,14,0,0
BRDA:489,14,1,0
BRDA:492,15,0,0
BRDA:492,15,1,0
BRDA:494,16,0,0
BRDA:494,16,1,0
BRF:38
BRH:0
end_of_record
TN:
SF:app\(auth)\onboarding\NotificationStep.jsx
FN:7,NotificationStep
FN:10,(anonymous_1)
FN:28,(anonymous_2)
FNF:3
FNH:0
FNDA:0,NotificationStep
FNDA:0,(anonymous_1)
FNDA:0,(anonymous_2)
DA:8,0
DA:10,0
DA:11,0
DA:12,0
DA:14,0
DA:15,0
DA:16,0
DA:19,0
DA:20,0
DA:21,0
DA:23,0
DA:28,0
DA:33,0
DA:36,0
LF:14
LH:0
BRDA:14,0,0,0
BRDA:14,0,1,0
BRDA:19,1,0,0
BRDA:19,1,1,0
BRF:4
BRH:0
end_of_record
TN:
SF:app\(auth)\onboarding\PersonalDetailsStep.jsx
FN:57,PersonalDetailsStep
FN:65,(anonymous_1)
FN:82,(anonymous_2)
FN:84,(anonymous_3)
FN:94,(anonymous_4)
FN:335,(anonymous_5)
FN:338,(anonymous_6)
FNF:7
FNH:1
FNDA:1,PersonalDetailsStep
FNDA:0,(anonymous_1)
FNDA:0,(anonymous_2)
FNDA:0,(anonymous_3)
FNDA:0,(anonymous_4)
FNDA:0,(anonymous_5)
FNDA:0,(anonymous_6)
DA:13,1
DA:16,1
DA:42,1
DA:58,1
DA:59,0
DA:60,0
DA:61,0
DA:62,0
DA:65,0
DA:66,0
DA:67,0
DA:68,0
DA:69,0
DA:72,0
DA:73,0
DA:74,0
DA:76,0
DA:77,0
DA:82,0
DA:83,0
DA:84,0
DA:86,0
DA:87,0
DA:88,0
DA:90,0
DA:94,0
DA:95,0
DA:96,0
DA:97,0
DA:100,0
DA:101,0
DA:102,0
DA:106,0
DA:114,0
DA:117,0
DA:336,0
DA:338,0
LF:37
LH:4
BRDA:58,0,0,1
BRDA:58,0,1,0
BRDA:59,1,0,0
BRDA:59,1,1,0
BRDA:60,2,0,0
BRDA:60,2,1,0
BRDA:61,3,0,0
BRDA:61,3,1,0
BRDA:62,4,0,0
BRDA:62,4,1,0
BRDA:66,5,0,0
BRDA:66,5,1,0
BRDA:72,6,0,0
BRDA:72,6,1,0
BRDA:83,7,0,0
BRDA:83,7,1,0
BRDA:86,8,0,0
BRDA:86,8,1,0
BRDA:95,9,0,0
BRDA:95,9,1,0
BRDA:100,10,0,0
BRDA:100,10,1,0
BRDA:235,11,0,0
BRDA:235,11,1,0
BRDA:340,12,0,0
BRDA:340,12,1,0
BRDA:348,13,0,0
BRDA:348,13,1,0
BRDA:355,14,0,0
BRDA:355,14,1,0
BRDA:357,15,0,0
BRDA:357,15,1,0
BRDA:359,16,0,0
BRDA:359,16,1,0
BRDA:366,17,0,0
BRDA:366,17,1,0
BRDA:399,18,0,0
BRDA:399,18,1,0
BRDA:399,19,0,0
BRDA:399,19,1,0
BRDA:401,20,0,0
BRDA:401,20,1,0
BRF:42
BRH:1
end_of_record
TN:
SF:app\(auth)\onboarding\_layout.jsx
FN:4,OnboardingLayout
FNF:1
FNH:0
FNDA:0,OnboardingLayout
DA:5,0
LF:1
LH:0
BRF:0
BRH:0
end_of_record
TN:
SF:app\(auth)\onboarding\index.jsx
FN:29,OnboardingScreen
FN:43,(anonymous_1)
FN:44,(anonymous_2)
FN:46,(anonymous_3)
FN:47,(anonymous_4)
FN:50,(anonymous_5)
FN:55,(anonymous_6)
FN:162,(anonymous_7)
FNF:8
FNH:0
FNDA:0,OnboardingScreen
FNDA:0,(anonymous_1)
FNDA:0,(anonymous_2)
FNDA:0,(anonymous_3)
FNDA:0,(anonymous_4)
FNDA:0,(anonymous_5)
FNDA:0,(anonymous_6)
FNDA:0,(anonymous_7)
DA:9,0
DA:30,0
DA:31,0
DA:41,0
DA:43,0
DA:44,0
DA:46,0
DA:47,0
DA:50,0
DA:52,0
DA:55,0
DA:56,0
DA:162,0
DA:163,0
DA:165,0
DA:173,0
DA:182,0
DA:192,0
LF:18
LH:0
BRDA:76,0,0,0
BRDA:76,0,1,0
BRDA:79,1,0,0
BRDA:79,1,1,0
BRDA:81,2,0,0
BRDA:81,2,1,0
BRDA:83,3,0,0
BRDA:83,3,1,0
BRDA:85,4,0,0
BRDA:85,4,1,0
BRDA:89,5,0,0
BRDA:89,5,1,0
BRDA:98,6,0,0
BRDA:98,6,1,0
BRDA:112,7,0,0
BRDA:112,7,1,0
BRDA:125,8,0,0
BRDA:125,8,1,0
BRDA:137,9,0,0
BRDA:137,9,1,0
BRDA:140,10,0,0
BRDA:140,10,1,0
BRDA:142,11,0,0
BRDA:142,11,1,0
BRDA:144,12,0,0
BRDA:144,12,1,0
BRDA:146,13,0,0
BRDA:146,13,1,0
BRDA:150,14,0,0
BRDA:150,14,1,0
BRDA:163,15,0,0
BRDA:163,15,1,0
BRDA:163,15,2,0
BRF:33
BRH:0
end_of_record
TN:
SF:app\(root)\[chatRoom].jsx
FN:55,(anonymous_0)
FN:74,(anonymous_1)
FN:120,(anonymous_2)
FN:211,(anonymous_3)
FN:216,ChatRoom
FN:236,(anonymous_5)
FN:257,(anonymous_6)
FN:269,(anonymous_7)
FN:311,(anonymous_8)
FN:324,(anonymous_9)
FN:325,(anonymous_10)
FN:342,(anonymous_11)
FN:355,(anonymous_12)
FN:360,(anonymous_13)
FN:360,(anonymous_14)
FN:363,(anonymous_15)
FN:366,(anonymous_16)
FN:375,(anonymous_17)
FN:382,(anonymous_18)
FN:385,(anonymous_19)
FN:391,(anonymous_20)
FN:401,(anonymous_21)
FN:405,(anonymous_22)
FN:416,(anonymous_23)
FN:426,(anonymous_24)
FN:457,(anonymous_25)
FN:466,(anonymous_26)
FN:482,(anonymous_27)
FN:493,(anonymous_28)
FN:534,(anonymous_29)
FN:546,(anonymous_30)
FN:584,(anonymous_31)
FN:658,(anonymous_32)
FN:661,(anonymous_33)
FN:793,(anonymous_34)
FN:794,(anonymous_35)
FN:800,(anonymous_36)
FNF:37
FNH:0
FNDA:0,(anonymous_0)
FNDA:0,(anonymous_1)
FNDA:0,(anonymous_2)
FNDA:0,(anonymous_3)
FNDA:0,ChatRoom
FNDA:0,(anonymous_5)
FNDA:0,(anonymous_6)
FNDA:0,(anonymous_7)
FNDA:0,(anonymous_8)
FNDA:0,(anonymous_9)
FNDA:0,(anonymous_10)
FNDA:0,(anonymous_11)
FNDA:0,(anonymous_12)
FNDA:0,(anonymous_13)
FNDA:0,(anonymous_14)
FNDA:0,(anonymous_15)
FNDA:0,(anonymous_16)
FNDA:0,(anonymous_17)
FNDA:0,(anonymous_18)
FNDA:0,(anonymous_19)
FNDA:0,(anonymous_20)
FNDA:0,(anonymous_21)
FNDA:0,(anonymous_22)
FNDA:0,(anonymous_23)
FNDA:0,(anonymous_24)
FNDA:0,(anonymous_25)
FNDA:0,(anonymous_26)
FNDA:0,(anonymous_27)
FNDA:0,(anonymous_28)
FNDA:0,(anonymous_29)
FNDA:0,(anonymous_30)
FNDA:0,(anonymous_31)
FNDA:0,(anonymous_32)
FNDA:0,(anonymous_33)
FNDA:0,(anonymous_34)
FNDA:0,(anonymous_35)
FNDA:0,(anonymous_36)
DA:27,0
DA:29,0
DA:30,0
DA:31,0
DA:34,0
DA:53,0
DA:55,0
DA:56,0
DA:75,0
DA:76,0
DA:120,0
DA:121,0
DA:211,0
DA:212,0
DA:213,0
DA:217,0
DA:218,0
DA:219,0
DA:220,0
DA:221,0
DA:222,0
DA:223,0
DA:224,0
DA:225,0
DA:226,0
DA:227,0
DA:228,0
DA:229,0
DA:230,0
DA:231,0
DA:233,0
DA:236,0
DA:237,0
DA:239,0
DA:240,0
DA:248,0
DA:249,0
DA:252,0
DA:257,0
DA:258,0
DA:259,0
DA:260,0
DA:261,0
DA:263,0
DA:264,0
DA:269,0
DA:270,0
DA:271,0
DA:277,0
DA:278,0
DA:279,0
DA:282,0
DA:306,0
DA:307,0
DA:311,0
DA:312,0
DA:314,0
DA:316,0
DA:318,0
DA:324,0
DA:325,0
DA:326,0
DA:327,0
DA:337,0
DA:338,0
DA:339,0
DA:342,0
DA:343,0
DA:344,0
DA:345,0
DA:346,0
DA:349,0
DA:353,0
DA:355,0
DA:356,0
DA:357,0
DA:360,0
DA:363,0
DA:364,0
DA:366,0
DA:367,0
DA:368,0
DA:376,0
DA:382,0
DA:383,0
DA:385,0
DA:386,0
DA:390,0
DA:391,0
DA:392,0
DA:398,0
DA:401,0
DA:402,0
DA:405,0
DA:406,0
DA:407,0
DA:408,0
DA:409,0
DA:411,0
DA:412,0
DA:416,0
DA:417,0
DA:418,0
DA:419,0
DA:421,0
DA:422,0
DA:426,0
DA:427,0
DA:429,0
DA:430,0
DA:446,0
DA:447,0
DA:449,0
DA:451,0
DA:457,0
DA:458,0
DA:461,0
DA:462,0
DA:466,0
DA:467,0
DA:468,0
DA:469,0
DA:470,0
DA:471,0
DA:473,0
DA:474,0
DA:475,0
DA:476,0
DA:478,0
DA:482,0
DA:483,0
DA:484,0
DA:485,0
DA:493,0
DA:494,0
DA:496,0
DA:534,0
DA:535,0
DA:546,0
DA:584,0
DA:592,0
DA:593,0
DA:616,0
DA:617,0
DA:640,0
DA:658,0
DA:662,0
DA:663,0
DA:665,0
DA:793,0
DA:794,0
DA:800,0
LF:152
LH:0
BRDA:211,0,0,0
BRDA:212,1,0,0
BRDA:212,1,1,0
BRDA:212,2,0,0
BRDA:212,2,1,0
BRDA:237,3,0,0
BRDA:237,3,1,0
BRDA:248,4,0,0
BRDA:248,4,1,0
BRDA:259,5,0,0
BRDA:259,5,1,0
BRDA:261,6,0,0
BRDA:261,6,1,0
BRDA:277,7,0,0
BRDA:277,7,1,0
BRDA:302,8,0,0
BRDA:302,8,1,0
BRDA:303,9,0,0
BRDA:303,9,1,0
BRDA:312,10,0,0
BRDA:312,10,1,0
BRDA:312,11,0,0
BRDA:312,11,1,0
BRDA:312,11,2,0
BRDA:330,12,0,0
BRDA:330,12,1,0
BRDA:330,13,0,0
BRDA:330,13,1,0
BRDA:331,14,0,0
BRDA:331,14,1,0
BRDA:333,15,0,0
BRDA:333,15,1,0
BRDA:345,16,0,0
BRDA:345,16,1,0
BRDA:357,17,0,0
BRDA:357,17,1,0
BRDA:367,18,0,0
BRDA:367,18,1,0
BRDA:376,19,0,0
BRDA:376,19,1,0
BRDA:383,20,0,0
BRDA:383,20,1,0
BRDA:383,21,0,0
BRDA:383,21,1,0
BRDA:409,22,0,0
BRDA:409,22,1,0
BRDA:418,23,0,0
BRDA:418,23,1,0
BRDA:427,24,0,0
BRDA:427,24,1,0
BRDA:427,25,0,0
BRDA:427,25,1,0
BRDA:434,26,0,0
BRDA:434,26,1,0
BRDA:434,26,2,0
BRDA:435,27,0,0
BRDA:435,27,1,0
BRDA:435,27,2,0
BRDA:438,28,0,0
BRDA:438,28,1,0
BRDA:440,29,0,0
BRDA:440,29,1,0
BRDA:441,30,0,0
BRDA:441,30,1,0
BRDA:467,31,0,0
BRDA:467,31,1,0
BRDA:473,32,0,0
BRDA:473,32,1,0
BRDA:475,33,0,0
BRDA:475,33,1,0
BRDA:483,34,0,0
BRDA:483,34,1,0
BRDA:484,35,0,0
BRDA:484,35,1,0
BRDA:494,36,0,0
BRDA:494,36,1,0
BRDA:498,37,0,0
BRDA:498,37,1,0
BRDA:504,38,0,0
BRDA:504,38,1,0
BRDA:514,39,0,0
BRDA:514,39,1,0
BRDA:516,40,0,0
BRDA:516,40,1,0
BRDA:554,41,0,0
BRDA:554,41,1,0
BRDA:571,42,0,0
BRDA:571,42,1,0
BRDA:579,43,0,0
BRDA:579,43,1,0
BRDA:579,44,0,0
BRDA:579,44,1,0
BRDA:579,45,0,0
BRDA:579,45,1,0
BRDA:592,46,0,0
BRDA:592,46,1,0
BRDA:616,47,0,0
BRDA:616,47,1,0
BRDA:663,48,0,0
BRDA:663,48,1,0
BRDA:667,49,0,0
BRDA:667,49,1,0
BRDA:684,50,0,0
BRDA:684,50,1,0
BRDA:692,51,0,0
BRDA:692,51,1,0
BRDA:699,52,0,0
BRDA:699,52,1,0
BRDA:703,53,0,0
BRDA:703,53,1,0
BRDA:704,54,0,0
BRDA:704,54,1,0
BRDA:718,55,0,0
BRDA:718,55,1,0
BRDA:718,55,2,0
BRDA:718,55,3,0
BRDA:718,55,4,0
BRDA:724,56,0,0
BRDA:724,56,1,0
BRDA:746,57,0,0
BRDA:746,57,1,0
BRDA:779,58,0,0
BRDA:779,58,1,0
BRDA:785,59,0,0
BRDA:785,59,1,0
BRDA:785,60,0,0
BRDA:785,60,1,0
BRF:127
BRH:0
end_of_record
TN:
SF:app\(root)\_layout.jsx
FN:3,(anonymous_0)
FNF:1
FNH:0
FNDA:0,(anonymous_0)
DA:3,0
DA:4,0
LF:2
LH:0
BRF:0
BRH:0
end_of_record
TN:
SF:app\(root)\createpost.jsx
FN:31,CreatePost
FN:40,(anonymous_1)
FN:41,(anonymous_2)
FN:46,(anonymous_3)
FN:58,(anonymous_4)
FN:66,(anonymous_5)
FN:67,(anonymous_6)
FN:67,(anonymous_7)
FN:70,(anonymous_8)
FN:96,(anonymous_9)
FN:109,(anonymous_10)
FN:165,(anonymous_11)
FN:264,(anonymous_12)
FN:275,(anonymous_13)
FNF:14
FNH:0
FNDA:0,CreatePost
FNDA:0,(anonymous_1)
FNDA:0,(anonymous_2)
FNDA:0,(anonymous_3)
FNDA:0,(anonymous_4)
FNDA:0,(anonymous_5)
FNDA:0,(anonymous_6)
FNDA:0,(anonymous_7)
FNDA:0,(anonymous_8)
FNDA:0,(anonymous_9)
FNDA:0,(anonymous_10)
FNDA:0,(anonymous_11)
FNDA:0,(anonymous_12)
FNDA:0,(anonymous_13)
DA:21,0
DA:32,0
DA:33,0
DA:34,0
DA:35,0
DA:36,0
DA:37,0
DA:40,0
DA:41,0
DA:42,0
DA:46,0
DA:47,0
DA:48,0
DA:56,0
DA:57,0
DA:58,0
DA:61,0
DA:62,0
DA:66,0
DA:67,0
DA:70,0
DA:71,0
DA:72,0
DA:73,0
DA:74,0
DA:76,0
DA:83,0
DA:85,0
DA:89,0
DA:91,0
DA:92,0
DA:96,0
DA:97,0
DA:98,0
DA:99,0
DA:102,0
DA:104,0
DA:105,0
DA:108,0
DA:109,0
DA:110,0
DA:114,0
DA:128,0
DA:130,0
DA:132,0
DA:133,0
DA:136,0
DA:139,0
DA:140,0
DA:142,0
DA:143,0
DA:148,0
DA:165,0
DA:265,0
DA:275,0
LF:55
LH:0
BRDA:56,0,0,0
BRDA:56,0,1,0
BRDA:56,1,0,0
BRDA:56,1,1,0
BRDA:83,2,0,0
BRDA:83,2,1,0
BRDA:97,3,0,0
BRDA:97,3,1,0
BRDA:97,4,0,0
BRDA:97,4,1,0
BRDA:108,5,0,0
BRDA:108,5,1,0
BRDA:121,6,0,0
BRDA:121,6,1,0
BRDA:128,7,0,0
BRDA:128,7,1,0
BRDA:130,8,0,0
BRDA:130,8,1,0
BRDA:142,9,0,0
BRDA:142,9,1,0
BRDA:150,10,0,0
BRDA:150,10,1,0
BRDA:159,11,0,0
BRDA:159,11,1,0
BRDA:187,12,0,0
BRDA:187,12,1,0
BRDA:187,12,2,0
BRDA:193,13,0,0
BRDA:193,13,1,0
BRDA:193,14,0,0
BRDA:193,14,1,0
BRDA:193,14,2,0
BRDA:196,15,0,0
BRDA:196,15,1,0
BRDA:222,16,0,0
BRDA:222,16,1,0
BRDA:235,17,0,0
BRDA:235,17,1,0
BRDA:235,17,2,0
BRDA:257,18,0,0
BRDA:257,18,1,0
BRF:41
BRH:0
end_of_record
TN:
SF:app\(root)\editprofile.jsx
FN:45,(anonymous_0)
FN:76,(anonymous_1)
FN:79,(anonymous_2)
FN:91,(anonymous_3)
FN:92,(anonymous_4)
FN:151,(anonymous_5)
FN:153,(anonymous_6)
FN:155,(anonymous_7)
FN:163,(anonymous_8)
FN:167,(anonymous_9)
FN:168,(anonymous_10)
FN:172,(anonymous_11)
FN:184,(anonymous_12)
FN:192,(anonymous_13)
FN:270,(anonymous_14)
FN:272,(anonymous_15)
FN:449,(anonymous_16)
FN:449,(anonymous_17)
FN:488,(anonymous_18)
FN:488,(anonymous_19)
FN:525,(anonymous_20)
FN:525,(anonymous_21)
FN:599,(anonymous_22)
FN:602,(anonymous_23)
FN:681,(anonymous_24)
FN:681,(anonymous_25)
FN:720,(anonymous_26)
FN:720,(anonymous_27)
FN:745,(anonymous_28)
FN:778,(anonymous_29)
FN:811,(anonymous_30)
FN:829,(anonymous_31)
FNF:32
FNH:0
FNDA:0,(anonymous_0)
FNDA:0,(anonymous_1)
FNDA:0,(anonymous_2)
FNDA:0,(anonymous_3)
FNDA:0,(anonymous_4)
FNDA:0,(anonymous_5)
FNDA:0,(anonymous_6)
FNDA:0,(anonymous_7)
FNDA:0,(anonymous_8)
FNDA:0,(anonymous_9)
FNDA:0,(anonymous_10)
FNDA:0,(anonymous_11)
FNDA:0,(anonymous_12)
FNDA:0,(anonymous_13)
FNDA:0,(anonymous_14)
FNDA:0,(anonymous_15)
FNDA:0,(anonymous_16)
FNDA:0,(anonymous_17)
FNDA:0,(anonymous_18)
FNDA:0,(anonymous_19)
FNDA:0,(anonymous_20)
FNDA:0,(anonymous_21)
FNDA:0,(anonymous_22)
FNDA:0,(anonymous_23)
FNDA:0,(anonymous_24)
FNDA:0,(anonymous_25)
FNDA:0,(anonymous_26)
FNDA:0,(anonymous_27)
FNDA:0,(anonymous_28)
FNDA:0,(anonymous_29)
FNDA:0,(anonymous_30)
FNDA:0,(anonymous_31)
DA:25,0
DA:28,0
DA:44,0
DA:45,0
DA:48,0
DA:76,0
DA:77,0
DA:78,0
DA:79,0
DA:80,0
DA:81,0
DA:82,0
DA:83,0
DA:84,0
DA:85,0
DA:86,0
DA:88,0
DA:91,0
DA:92,0
DA:93,0
DA:94,0
DA:95,0
DA:96,0
DA:97,0
DA:98,0
DA:99,0
DA:101,0
DA:104,0
DA:110,0
DA:111,0
DA:112,0
DA:113,0
DA:114,0
DA:115,0
DA:117,0
DA:120,0
DA:121,0
DA:134,0
DA:135,0
DA:136,0
DA:139,0
DA:140,0
DA:141,0
DA:142,0
DA:143,0
DA:148,0
DA:151,0
DA:152,0
DA:153,0
DA:154,0
DA:155,0
DA:157,0
DA:158,0
DA:159,0
DA:161,0
DA:162,0
DA:163,0
DA:167,0
DA:168,0
DA:169,0
DA:172,0
DA:173,0
DA:174,0
DA:181,0
DA:184,0
DA:187,0
DA:188,0
DA:192,0
DA:193,0
DA:194,0
DA:195,0
DA:199,0
DA:200,0
DA:201,0
DA:204,0
DA:205,0
DA:206,0
DA:209,0
DA:210,0
DA:212,0
DA:226,0
DA:230,0
DA:232,0
DA:233,0
DA:234,0
DA:237,0
DA:238,0
DA:239,0
DA:242,0
DA:243,0
DA:248,0
DA:249,0
DA:270,0
DA:271,0
DA:272,0
DA:292,0
DA:449,0
DA:488,0
DA:525,0
DA:600,0
DA:602,0
DA:681,0
DA:720,0
DA:745,0
DA:778,0
DA:811,0
DA:829,0
LF:107
LH:0
BRDA:94,0,0,0
BRDA:94,0,1,0
BRDA:96,1,0,0
BRDA:96,1,1,0
BRDA:110,2,0,0
BRDA:110,2,1,0
BRDA:112,3,0,0
BRDA:112,3,1,0
BRDA:120,4,0,0
BRDA:120,4,1,0
BRDA:121,5,0,0
BRDA:121,5,1,0
BRDA:122,6,0,0
BRDA:122,6,1,0
BRDA:125,7,0,0
BRDA:125,7,1,0
BRDA:126,8,0,0
BRDA:126,8,1,0
BRDA:135,9,0,0
BRDA:135,9,1,0
BRDA:140,10,0,0
BRDA:140,10,1,0
BRDA:152,11,0,0
BRDA:152,11,1,0
BRDA:157,12,0,0
BRDA:157,12,1,0
BRDA:181,13,0,0
BRDA:181,13,1,0
BRDA:193,14,0,0
BRDA:193,14,1,0
BRDA:193,15,0,0
BRDA:193,15,1,0
BRDA:199,16,0,0
BRDA:199,16,1,0
BRDA:204,17,0,0
BRDA:204,17,1,0
BRDA:216,18,0,0
BRDA:216,18,1,0
BRDA:216,18,2,0
BRDA:217,19,0,0
BRDA:217,19,1,0
BRDA:219,20,0,0
BRDA:219,20,1,0
BRDA:220,21,0,0
BRDA:220,21,1,0
BRDA:221,22,0,0
BRDA:221,22,1,0
BRDA:222,23,0,0
BRDA:222,23,1,0
BRDA:230,24,0,0
BRDA:230,24,1,0
BRDA:232,25,0,0
BRDA:232,25,1,0
BRDA:238,26,0,0
BRDA:238,26,1,0
BRDA:242,27,0,0
BRDA:242,27,1,0
BRDA:248,28,0,0
BRDA:248,28,1,0
BRDA:278,29,0,0
BRDA:278,29,1,0
BRDA:284,30,0,0
BRDA:284,30,1,0
BRDA:301,31,0,0
BRDA:301,31,1,0
BRDA:334,32,0,0
BRDA:334,32,1,0
BRDA:343,33,0,0
BRDA:343,33,1,0
BRDA:355,34,0,0
BRDA:355,34,1,0
BRDA:385,35,0,0
BRDA:385,35,1,0
BRDA:385,35,2,0
BRDA:448,36,0,0
BRDA:448,36,1,0
BRDA:487,37,0,0
BRDA:487,37,1,0
BRDA:524,38,0,0
BRDA:524,38,1,0
BRDA:568,39,0,0
BRDA:568,39,1,0
BRDA:604,40,0,0
BRDA:604,40,1,0
BRDA:612,41,0,0
BRDA:612,41,1,0
BRDA:618,42,0,0
BRDA:618,42,1,0
BRDA:620,43,0,0
BRDA:620,43,1,0
BRDA:622,44,0,0
BRDA:622,44,1,0
BRDA:629,45,0,0
BRDA:629,45,1,0
BRDA:680,46,0,0
BRDA:680,46,1,0
BRDA:719,47,0,0
BRDA:719,47,1,0
BRDA:760,48,0,0
BRDA:760,48,1,0
BRDA:765,49,0,0
BRDA:765,49,1,0
BRF:102
BRH:0
end_of_record
TN:
SF:app\(root)\groupRoom.jsx
FN:71,(anonymous_0)
FN:219,(anonymous_1)
FN:310,(anonymous_2)
FN:316,(anonymous_3)
FN:327,(anonymous_4)
FN:368,(anonymous_5)
FN:380,(anonymous_6)
FN:391,(anonymous_7)
FN:412,(anonymous_8)
FN:454,(anonymous_9)
FN:467,(anonymous_10)
FN:468,(anonymous_11)
FN:476,(anonymous_12)
FN:480,(anonymous_13)
FN:491,(anonymous_14)
FN:500,(anonymous_15)
FN:521,(anonymous_16)
FN:529,(anonymous_17)
FN:544,(anonymous_18)
FN:544,(anonymous_19)
FN:561,(anonymous_20)
FN:564,(anonymous_21)
FN:583,(anonymous_22)
FN:590,(anonymous_23)
FN:631,(anonymous_24)
FN:655,(anonymous_25)
FN:668,(anonymous_26)
FN:682,(anonymous_27)
FN:693,(anonymous_28)
FN:703,(anonymous_29)
FN:766,(anonymous_30)
FN:769,(anonymous_31)
FN:879,(anonymous_32)
FN:883,(anonymous_33)
FN:896,(anonymous_34)
FN:917,(anonymous_35)
FN:990,(anonymous_36)
FN:1098,(anonymous_37)
FN:1116,(anonymous_38)
FN:1140,(anonymous_39)
FN:1161,(anonymous_40)
FN:1190,(anonymous_41)
FN:1232,(anonymous_42)
FN:1330,(anonymous_43)
FN:1407,(anonymous_44)
FN:1411,(anonymous_45)
FNF:46
FNH:0
FNDA:0,(anonymous_0)
FNDA:0,(anonymous_1)
FNDA:0,(anonymous_2)
FNDA:0,(anonymous_3)
FNDA:0,(anonymous_4)
FNDA:0,(anonymous_5)
FNDA:0,(anonymous_6)
FNDA:0,(anonymous_7)
FNDA:0,(anonymous_8)
FNDA:0,(anonymous_9)
FNDA:0,(anonymous_10)
FNDA:0,(anonymous_11)
FNDA:0,(anonymous_12)
FNDA:0,(anonymous_13)
FNDA:0,(anonymous_14)
FNDA:0,(anonymous_15)
FNDA:0,(anonymous_16)
FNDA:0,(anonymous_17)
FNDA:0,(anonymous_18)
FNDA:0,(anonymous_19)
FNDA:0,(anonymous_20)
FNDA:0,(anonymous_21)
FNDA:0,(anonymous_22)
FNDA:0,(anonymous_23)
FNDA:0,(anonymous_24)
FNDA:0,(anonymous_25)
FNDA:0,(anonymous_26)
FNDA:0,(anonymous_27)
FNDA:0,(anonymous_28)
FNDA:0,(anonymous_29)
FNDA:0,(anonymous_30)
FNDA:0,(anonymous_31)
FNDA:0,(anonymous_32)
FNDA:0,(anonymous_33)
FNDA:0,(anonymous_34)
FNDA:0,(anonymous_35)
FNDA:0,(anonymous_36)
FNDA:0,(anonymous_37)
FNDA:0,(anonymous_38)
FNDA:0,(anonymous_39)
FNDA:0,(anonymous_40)
FNDA:0,(anonymous_41)
FNDA:0,(anonymous_42)
FNDA:0,(anonymous_43)
FNDA:0,(anonymous_44)
FNDA:0,(anonymous_45)
DA:32,0
DA:44,0
DA:45,0
DA:48,0
DA:69,0
DA:71,0
DA:72,0
DA:219,0
DA:220,0
DA:310,0
DA:311,0
DA:312,0
DA:316,0
DA:317,0
DA:324,0
DA:327,0
DA:328,0
DA:329,0
DA:330,0
DA:334,0
DA:335,0
DA:337,0
DA:341,0
DA:348,0
DA:349,0
DA:350,0
DA:351,0
DA:352,0
DA:353,0
DA:354,0
DA:355,0
DA:356,0
DA:357,0
DA:358,0
DA:359,0
DA:362,0
DA:363,0
DA:364,0
DA:365,0
DA:368,0
DA:369,0
DA:370,0
DA:371,0
DA:372,0
DA:374,0
DA:375,0
DA:380,0
DA:381,0
DA:382,0
DA:383,0
DA:385,0
DA:386,0
DA:391,0
DA:392,0
DA:394,0
DA:395,0
DA:403,0
DA:404,0
DA:407,0
DA:412,0
DA:413,0
DA:414,0
DA:420,0
DA:421,0
DA:422,0
DA:425,0
DA:448,0
DA:449,0
DA:454,0
DA:455,0
DA:456,0
DA:457,0
DA:460,0
DA:461,0
DA:462,0
DA:467,0
DA:468,0
DA:469,0
DA:470,0
DA:475,0
DA:477,0
DA:478,0
DA:480,0
DA:481,0
DA:483,0
DA:484,0
DA:492,0
DA:500,0
DA:501,0
DA:502,0
DA:503,0
DA:504,0
DA:505,0
DA:507,0
DA:508,0
DA:509,0
DA:510,0
DA:512,0
DA:521,0
DA:522,0
DA:524,0
DA:525,0
DA:526,0
DA:529,0
DA:530,0
DA:531,0
DA:532,0
DA:536,0
DA:538,0
DA:541,0
DA:542,0
DA:544,0
DA:547,0
DA:548,0
DA:551,0
DA:552,0
DA:553,0
DA:558,0
DA:559,0
DA:562,0
DA:564,0
DA:573,0
DA:574,0
DA:577,0
DA:578,0
DA:579,0
DA:583,0
DA:584,0
DA:585,0
DA:591,0
DA:592,0
DA:593,0
DA:594,0
DA:596,0
DA:597,0
DA:598,0
DA:604,0
DA:606,0
DA:607,0
DA:608,0
DA:609,0
DA:611,0
DA:612,0
DA:613,0
DA:618,0
DA:619,0
DA:620,0
DA:621,0
DA:623,0
DA:624,0
DA:625,0
DA:631,0
DA:632,0
DA:634,0
DA:635,0
DA:648,0
DA:649,0
DA:652,0
DA:655,0
DA:656,0
DA:657,0
DA:661,0
DA:662,0
DA:663,0
DA:668,0
DA:669,0
DA:671,0
DA:672,0
DA:673,0
DA:674,0
DA:675,0
DA:677,0
DA:678,0
DA:682,0
DA:683,0
DA:684,0
DA:685,0
DA:693,0
DA:694,0
DA:695,0
DA:696,0
DA:698,0
DA:703,0
DA:704,0
DA:705,0
DA:708,0
DA:709,0
DA:712,0
DA:727,0
DA:734,0
DA:766,0
DA:767,0
DA:769,0
DA:770,0
DA:771,0
DA:772,0
DA:776,0
DA:879,0
DA:880,0
DA:883,0
DA:896,0
DA:918,0
DA:990,0
DA:991,0
DA:992,0
DA:993,0
DA:994,0
DA:995,0
DA:1000,0
DA:1001,0
DA:1026,0
DA:1027,0
DA:1072,0
DA:1099,0
DA:1100,0
DA:1116,0
DA:1140,0
DA:1161,0
DA:1191,0
DA:1192,0
DA:1233,0
DA:1234,0
DA:1236,0
DA:1330,0
DA:1407,0
DA:1411,0
LF:226
LH:0
BRDA:310,0,0,0
BRDA:311,1,0,0
BRDA:311,1,1,0
BRDA:311,2,0,0
BRDA:311,2,1,0
BRDA:335,3,0,0
BRDA:335,3,1,0
BRDA:343,4,0,0
BRDA:343,4,1,0
BRDA:370,5,0,0
BRDA:370,5,1,0
BRDA:372,6,0,0
BRDA:372,6,1,0
BRDA:382,7,0,0
BRDA:382,7,1,0
BRDA:392,8,0,0
BRDA:392,8,1,0
BRDA:403,9,0,0
BRDA:403,9,1,0
BRDA:420,10,0,0
BRDA:420,10,1,0
BRDA:444,11,0,0
BRDA:444,11,1,0
BRDA:445,12,0,0
BRDA:445,12,1,0
BRDA:455,13,0,0
BRDA:455,13,1,0
BRDA:460,14,0,0
BRDA:460,14,1,0
BRDA:483,15,0,0
BRDA:483,15,1,0
BRDA:492,16,0,0
BRDA:492,16,1,0
BRDA:501,17,0,0
BRDA:501,17,1,0
BRDA:507,18,0,0
BRDA:507,18,1,0
BRDA:509,19,0,0
BRDA:509,19,1,0
BRDA:515,20,0,0
BRDA:515,20,1,0
BRDA:522,21,0,0
BRDA:522,21,1,0
BRDA:530,22,0,0
BRDA:530,22,1,0
BRDA:547,23,0,0
BRDA:547,23,1,0
BRDA:548,24,0,0
BRDA:548,24,1,0
BRDA:552,25,0,0
BRDA:552,25,1,0
BRDA:562,26,0,0
BRDA:562,26,1,0
BRDA:566,27,0,0
BRDA:566,27,1,0
BRDA:567,28,0,0
BRDA:567,28,1,0
BRDA:569,29,0,0
BRDA:569,29,1,0
BRDA:577,30,0,0
BRDA:577,30,1,0
BRDA:584,31,0,0
BRDA:584,31,1,0
BRDA:584,32,0,0
BRDA:584,32,1,0
BRDA:592,33,0,0
BRDA:592,33,1,0
BRDA:596,34,0,0
BRDA:596,34,1,0
BRDA:607,35,0,0
BRDA:607,35,1,0
BRDA:611,36,0,0
BRDA:611,36,1,0
BRDA:619,37,0,0
BRDA:619,37,1,0
BRDA:623,38,0,0
BRDA:623,38,1,0
BRDA:632,39,0,0
BRDA:632,39,1,0
BRDA:632,40,0,0
BRDA:632,40,1,0
BRDA:638,41,0,0
BRDA:638,41,1,0
BRDA:638,41,2,0
BRDA:640,42,0,0
BRDA:640,42,1,0
BRDA:656,43,0,0
BRDA:656,43,1,0
BRDA:656,44,0,0
BRDA:656,44,1,0
BRDA:662,45,0,0
BRDA:662,45,1,0
BRDA:669,46,0,0
BRDA:669,46,1,0
BRDA:683,47,0,0
BRDA:683,47,1,0
BRDA:704,48,0,0
BRDA:704,48,1,0
BRDA:708,49,0,0
BRDA:708,49,1,0
BRDA:746,50,0,0
BRDA:746,50,1,0
BRDA:747,51,0,0
BRDA:747,51,1,0
BRDA:770,52,0,0
BRDA:770,52,1,0
BRDA:779,53,0,0
BRDA:779,53,1,0
BRDA:785,54,0,0
BRDA:785,54,1,0
BRDA:789,55,0,0
BRDA:789,55,1,0
BRDA:789,55,2,0
BRDA:806,56,0,0
BRDA:806,56,1,0
BRDA:810,57,0,0
BRDA:810,57,1,0
BRDA:811,58,0,0
BRDA:811,58,1,0
BRDA:821,59,0,0
BRDA:821,59,1,0
BRDA:824,60,0,0
BRDA:824,60,1,0
BRDA:827,61,0,0
BRDA:827,61,1,0
BRDA:833,62,0,0
BRDA:833,62,1,0
BRDA:836,63,0,0
BRDA:836,63,1,0
BRDA:840,64,0,0
BRDA:840,64,1,0
BRDA:861,65,0,0
BRDA:861,65,1,0
BRDA:946,66,0,0
BRDA:946,66,1,0
BRDA:946,66,2,0
BRDA:946,66,3,0
BRDA:955,67,0,0
BRDA:955,67,1,0
BRDA:957,68,0,0
BRDA:957,68,1,0
BRDA:966,69,0,0
BRDA:966,69,1,0
BRDA:991,70,0,0
BRDA:991,70,1,0
BRDA:1000,71,0,0
BRDA:1000,71,1,0
BRDA:1026,72,0,0
BRDA:1026,72,1,0
BRDA:1087,73,0,0
BRDA:1087,73,1,0
BRDA:1131,74,0,0
BRDA:1131,74,1,0
BRDA:1155,75,0,0
BRDA:1155,75,1,0
BRDA:1171,76,0,0
BRDA:1171,76,1,0
BRDA:1226,77,0,0
BRDA:1226,77,1,0
BRDA:1227,78,0,0
BRDA:1227,78,1,0
BRDA:1231,79,0,0
BRDA:1231,79,1,0
BRDA:1234,80,0,0
BRDA:1234,80,1,0
BRDA:1238,81,0,0
BRDA:1238,81,1,0
BRDA:1301,82,0,0
BRDA:1301,82,1,0
BRDA:1385,83,0,0
BRDA:1385,83,1,0
BRDA:1398,84,0,0
BRDA:1398,84,1,0
BRF:173
BRH:0
end_of_record
TN:
SF:app\(root)\profile.jsx
FN:33,(anonymous_0)
FN:48,(anonymous_1)
FN:50,(anonymous_2)
FN:58,(anonymous_3)
FN:59,(anonymous_4)
FN:65,(anonymous_5)
FN:70,(anonymous_6)
FN:105,(anonymous_7)
FN:114,(anonymous_8)
FN:130,(anonymous_9)
FN:191,(anonymous_10)
FN:232,(anonymous_11)
FN:365,(anonymous_12)
FN:396,(anonymous_13)
FN:399,(anonymous_14)
FN:538,(anonymous_15)
FN:559,(anonymous_16)
FN:564,(anonymous_17)
FN:568,(anonymous_18)
FN:573,(anonymous_19)
FN:613,(anonymous_20)
FNF:21
FNH:4
FNDA:3,(anonymous_0)
FNDA:0,(anonymous_1)
FNDA:0,(anonymous_2)
FNDA:1,(anonymous_3)
FNDA:1,(anonymous_4)
FNDA:0,(anonymous_5)
FNDA:0,(anonymous_6)
FNDA:0,(anonymous_7)
FNDA:0,(anonymous_8)
FNDA:2,(anonymous_9)
FNDA:0,(anonymous_10)
FNDA:0,(anonymous_11)
FNDA:0,(anonymous_12)
FNDA:0,(anonymous_13)
FNDA:0,(anonymous_14)
FNDA:0,(anonymous_15)
FNDA:0,(anonymous_16)
FNDA:0,(anonymous_17)
FNDA:0,(anonymous_18)
FNDA:0,(anonymous_19)
FNDA:0,(anonymous_20)
DA:21,1
DA:33,1
DA:34,3
DA:35,2
DA:36,2
DA:37,2
DA:39,2
DA:40,2
DA:42,2
DA:43,2
DA:46,2
DA:48,0
DA:52,0
DA:53,0
DA:58,2
DA:59,1
DA:60,1
DA:65,2
DA:66,0
DA:70,2
DA:71,0
DA:72,0
DA:73,0
DA:74,0
DA:75,0
DA:78,0
DA:81,0
DA:87,0
DA:88,0
DA:90,0
DA:92,0
DA:93,0
DA:96,0
DA:98,0
DA:100,0
DA:105,2
DA:106,0
DA:115,0
DA:116,0
DA:120,0
DA:121,0
DA:130,2
DA:131,2
DA:132,0
DA:134,2
DA:139,2
DA:140,1
DA:162,1
DA:163,1
DA:191,0
DA:211,0
DA:232,0
DA:365,0
DA:397,0
DA:399,0
DA:539,0
DA:559,1
DA:560,0
DA:561,0
DA:562,0
DA:564,0
DA:565,0
DA:566,0
DA:568,0
DA:569,0
DA:573,0
DA:574,0
DA:576,0
DA:577,0
DA:578,0
DA:584,0
DA:585,0
DA:586,0
DA:589,0
DA:591,0
DA:592,0
DA:597,0
DA:598,0
DA:606,0
DA:614,0
LF:80
LH:25
BRDA:48,0,0,0
BRDA:48,0,1,0
BRDA:72,1,0,0
BRDA:72,1,1,0
BRDA:72,2,0,0
BRDA:72,2,1,0
BRDA:74,3,0,0
BRDA:74,3,1,0
BRDA:87,4,0,0
BRDA:87,4,1,0
BRDA:90,5,0,0
BRDA:90,5,1,0
BRDA:93,6,0,0
BRDA:93,6,1,0
BRDA:98,7,0,0
BRDA:98,7,1,0
BRDA:100,8,0,0
BRDA:100,8,1,0
BRDA:131,9,0,0
BRDA:131,9,1,2
BRDA:131,10,0,2
BRDA:131,10,1,0
BRDA:134,11,0,2
BRDA:134,11,1,0
BRDA:139,12,0,1
BRDA:139,12,1,1
BRDA:162,13,0,1
BRDA:162,13,1,0
BRDA:162,14,0,1
BRDA:162,14,1,0
BRDA:220,15,0,0
BRDA:220,15,1,0
BRDA:277,16,0,0
BRDA:277,16,1,0
BRDA:277,17,0,0
BRDA:277,17,1,0
BRDA:280,18,0,0
BRDA:280,18,1,0
BRDA:292,19,0,0
BRDA:292,19,1,0
BRDA:292,19,2,0
BRDA:305,20,0,0
BRDA:305,20,1,0
BRDA:305,20,2,0
BRDA:313,21,0,0
BRDA:313,21,1,0
BRDA:317,22,0,0
BRDA:317,22,1,0
BRDA:404,23,0,0
BRDA:404,23,1,0
BRDA:408,24,0,0
BRDA:408,24,1,0
BRDA:421,25,0,0
BRDA:421,25,1,0
BRDA:424,26,0,0
BRDA:424,26,1,0
BRDA:424,26,2,0
BRDA:424,26,3,0
BRDA:447,27,0,0
BRDA:447,27,1,0
BRDA:452,28,0,0
BRDA:452,28,1,0
BRDA:452,29,0,0
BRDA:452,29,1,0
BRDA:467,30,0,0
BRDA:467,30,1,0
BRDA:472,31,0,0
BRDA:472,31,1,0
BRDA:487,32,0,0
BRDA:487,32,1,0
BRDA:508,33,0,0
BRDA:508,33,1,0
BRDA:537,34,0,0
BRDA:537,34,1,0
BRDA:550,35,0,0
BRDA:550,35,1,0
BRDA:551,36,0,0
BRDA:551,36,1,0
BRDA:574,37,0,0
BRDA:574,37,1,0
BRDA:574,38,0,0
BRDA:574,38,1,0
BRDA:584,39,0,0
BRDA:584,39,1,0
BRDA:585,40,0,0
BRDA:585,40,1,0
BRDA:591,41,0,0
BRDA:591,41,1,0
BRDA:597,42,0,0
BRDA:597,42,1,0
BRDA:612,43,0,0
BRDA:612,43,1,0
BRF:92
BRH:7
end_of_record
TN:
SF:app\(root)\search.jsx
FN:35,(anonymous_0)
FN:49,(anonymous_1)
FN:51,(anonymous_2)
FN:61,(anonymous_3)
FN:63,(anonymous_4)
FN:69,(anonymous_5)
FN:70,(anonymous_6)
FN:76,(anonymous_7)
FN:85,(anonymous_8)
FN:89,(anonymous_9)
FN:92,(anonymous_10)
FN:119,(anonymous_11)
FN:132,(anonymous_12)
FN:144,(anonymous_13)
FN:149,(anonymous_14)
FN:155,(anonymous_15)
FN:159,(anonymous_16)
FN:211,(anonymous_17)
FN:233,(anonymous_18)
FN:300,(anonymous_19)
FN:303,(anonymous_20)
FN:332,(anonymous_21)
FN:339,(anonymous_22)
FNF:23
FNH:0
FNDA:0,(anonymous_0)
FNDA:0,(anonymous_1)
FNDA:0,(anonymous_2)
FNDA:0,(anonymous_3)
FNDA:0,(anonymous_4)
FNDA:0,(anonymous_5)
FNDA:0,(anonymous_6)
FNDA:0,(anonymous_7)
FNDA:0,(anonymous_8)
FNDA:0,(anonymous_9)
FNDA:0,(anonymous_10)
FNDA:0,(anonymous_11)
FNDA:0,(anonymous_12)
FNDA:0,(anonymous_13)
FNDA:0,(anonymous_14)
FNDA:0,(anonymous_15)
FNDA:0,(anonymous_16)
FNDA:0,(anonymous_17)
FNDA:0,(anonymous_18)
FNDA:0,(anonymous_19)
FNDA:0,(anonymous_20)
FNDA:0,(anonymous_21)
FNDA:0,(anonymous_22)
DA:22,0
DA:24,0
DA:35,0
DA:36,0
DA:37,0
DA:38,0
DA:39,0
DA:40,0
DA:41,0
DA:42,0
DA:43,0
DA:44,0
DA:47,0
DA:49,0
DA:52,0
DA:53,0
DA:54,0
DA:55,0
DA:61,0
DA:63,0
DA:64,0
DA:69,0
DA:70,0
DA:71,0
DA:76,0
DA:77,0
DA:78,0
DA:79,0
DA:80,0
DA:82,0
DA:85,0
DA:86,0
DA:89,0
DA:92,0
DA:93,0
DA:95,0
DA:96,0
DA:97,0
DA:99,0
DA:113,0
DA:114,0
DA:115,0
DA:117,0
DA:119,0
DA:127,0
DA:128,0
DA:131,0
DA:132,0
DA:137,0
DA:138,0
DA:140,0
DA:144,0
DA:145,0
DA:146,0
DA:149,0
DA:150,0
DA:151,0
DA:152,0
DA:155,0
DA:156,0
DA:159,0
DA:160,0
DA:211,0
DA:233,0
DA:234,0
DA:235,0
DA:255,0
DA:256,0
DA:287,0
DA:301,0
DA:303,0
DA:332,0
DA:333,0
DA:340,0
DA:348,0
LF:75
LH:0
BRDA:49,0,0,0
BRDA:49,0,1,0
BRDA:77,1,0,0
BRDA:77,1,1,0
BRDA:78,2,0,0
BRDA:78,2,1,0
BRDA:93,3,0,0
BRDA:93,3,1,0
BRDA:93,4,0,0
BRDA:93,4,1,0
BRDA:95,5,0,0
BRDA:95,5,1,0
BRDA:113,6,0,0
BRDA:113,6,1,0
BRDA:115,7,0,0
BRDA:115,7,1,0
BRDA:117,8,0,0
BRDA:117,8,1,0
BRDA:119,9,0,0
BRDA:119,9,1,0
BRDA:121,10,0,0
BRDA:121,10,1,0
BRDA:121,10,2,0
BRDA:122,11,0,0
BRDA:122,11,1,0
BRDA:122,11,2,0
BRDA:124,12,0,0
BRDA:124,12,1,0
BRDA:127,13,0,0
BRDA:127,13,1,0
BRDA:131,14,0,0
BRDA:131,14,1,0
BRDA:138,15,0,0
BRDA:138,15,1,0
BRDA:140,16,0,0
BRDA:140,16,1,0
BRDA:161,17,0,0
BRDA:161,17,1,0
BRDA:213,18,0,0
BRDA:213,18,1,0
BRDA:234,19,0,0
BRDA:234,19,1,0
BRDA:255,20,0,0
BRDA:255,20,1,0
BRDA:255,21,0,0
BRDA:255,21,1,0
BRDA:290,22,0,0
BRDA:290,22,1,0
BRDA:338,23,0,0
BRDA:338,23,1,0
BRDA:359,24,0,0
BRDA:359,24,1,0
BRDA:362,25,0,0
BRDA:362,25,1,0
BRF:54
BRH:0
end_of_record
TN:
SF:app\(root)\settings.jsx
FN:30,(anonymous_0)
FN:35,(anonymous_1)
FN:37,(anonymous_2)
FN:44,(anonymous_3)
FN:53,(anonymous_4)
FN:66,(anonymous_5)
FN:70,(anonymous_6)
FN:74,(anonymous_7)
FN:174,(anonymous_8)
FN:181,(anonymous_9)
FN:186,(anonymous_10)
FN:212,(anonymous_11)
FN:217,(anonymous_12)
FNF:13
FNH:0
FNDA:0,(anonymous_0)
FNDA:0,(anonymous_1)
FNDA:0,(anonymous_2)
FNDA:0,(anonymous_3)
FNDA:0,(anonymous_4)
FNDA:0,(anonymous_5)
FNDA:0,(anonymous_6)
FNDA:0,(anonymous_7)
FNDA:0,(anonymous_8)
FNDA:0,(anonymous_9)
FNDA:0,(anonymous_10)
FNDA:0,(anonymous_11)
FNDA:0,(anonymous_12)
DA:18,0
DA:30,0
DA:31,0
DA:32,0
DA:33,0
DA:35,0
DA:38,0
DA:41,0
DA:42,0
DA:44,0
DA:45,0
DA:54,0
DA:55,0
DA:57,0
DA:58,0
DA:66,0
DA:67,0
DA:70,0
DA:71,0
DA:74,0
DA:75,0
DA:118,0
DA:174,0
DA:181,0
DA:186,0
DA:212,0
DA:217,0
LF:27
LH:0
BRDA:35,0,0,0
BRDA:35,0,1,0
BRDA:83,1,0,0
BRDA:83,1,1,0
BRDA:90,2,0,0
BRDA:90,2,1,0
BRDA:96,3,0,0
BRDA:96,3,1,0
BRDA:97,4,0,0
BRDA:97,4,1,0
BRDA:101,5,0,0
BRDA:101,5,1,0
BRDA:106,6,0,0
BRDA:106,6,1,0
BRDA:112,7,0,0
BRDA:112,7,1,0
BRDA:126,8,0,0
BRDA:126,8,1,0
BRF:18
BRH:0
end_of_record
TN:
SF:app\(root)\streak.jsx
FN:21,(anonymous_0)
FN:52,(anonymous_1)
FN:93,(anonymous_2)
FN:94,(anonymous_3)
FN:123,(anonymous_4)
FN:141,(anonymous_5)
FN:152,(anonymous_6)
FN:171,(anonymous_7)
FN:200,StreakPage
FN:210,(anonymous_9)
FN:212,(anonymous_10)
FN:227,(anonymous_11)
FN:234,(anonymous_12)
FN:236,fetchAndSubscribe
FN:255,(anonymous_14)
FN:271,(anonymous_15)
FNF:16
FNH:0
FNDA:0,(anonymous_0)
FNDA:0,(anonymous_1)
FNDA:0,(anonymous_2)
FNDA:0,(anonymous_3)
FNDA:0,(anonymous_4)
FNDA:0,(anonymous_5)
FNDA:0,(anonymous_6)
FNDA:0,(anonymous_7)
FNDA:0,StreakPage
FNDA:0,(anonymous_9)
FNDA:0,(anonymous_10)
FNDA:0,(anonymous_11)
FNDA:0,(anonymous_12)
FNDA:0,fetchAndSubscribe
FNDA:0,(anonymous_14)
FNDA:0,(anonymous_15)
DA:11,0
DA:21,0
DA:22,0
DA:52,0
DA:53,0
DA:93,0
DA:94,0
DA:96,0
DA:123,0
DA:124,0
DA:141,0
DA:142,0
DA:143,0
DA:144,0
DA:146,0
DA:147,0
DA:148,0
DA:149,0
DA:152,0
DA:153,0
DA:154,0
DA:157,0
DA:172,0
DA:173,0
DA:201,0
DA:202,0
DA:203,0
DA:204,0
DA:205,0
DA:206,0
DA:207,0
DA:210,0
DA:211,0
DA:212,0
DA:213,0
DA:214,0
DA:215,0
DA:216,0
DA:218,0
DA:219,0
DA:220,0
DA:221,0
DA:223,0
DA:227,0
DA:228,0
DA:229,0
DA:234,0
DA:237,0
DA:238,0
DA:239,0
DA:242,0
DA:243,0
DA:244,0
DA:249,0
DA:250,0
DA:251,0
DA:255,0
DA:256,0
DA:257,0
DA:261,0
DA:263,0
DA:264,0
DA:269,0
DA:271,0
DA:272,0
DA:273,0
DA:278,0
DA:279,0
DA:281,0
LF:69
LH:0
BRDA:85,0,0,0
BRDA:85,0,1,0
BRDA:94,1,0,0
BRDA:94,1,1,0
BRDA:182,2,0,0
BRDA:182,2,1,0
BRDA:186,3,0,0
BRDA:186,3,1,0
BRDA:213,4,0,0
BRDA:213,4,1,0
BRDA:237,5,0,0
BRDA:237,5,1,0
BRDA:249,6,0,0
BRDA:249,6,1,0
BRDA:256,7,0,0
BRDA:256,7,1,0
BRDA:256,8,0,0
BRDA:256,8,1,0
BRDA:263,9,0,0
BRDA:263,9,1,0
BRDA:272,10,0,0
BRDA:272,10,1,0
BRDA:278,11,0,0
BRDA:278,11,1,0
BRDA:294,12,0,0
BRDA:294,12,1,0
BRDA:309,13,0,0
BRDA:309,13,1,0
BRDA:310,14,0,0
BRDA:310,14,1,0
BRDA:313,15,0,0
BRDA:313,15,1,0
BRF:32
BRH:0
end_of_record
TN:
SF:app\(root)\(tabs)\_layout.jsx
FN:18,(anonymous_0)
FN:21,(anonymous_1)
FN:50,(anonymous_2)
FN:65,(anonymous_3)
FN:72,(anonymous_4)
FN:95,Layout
FN:130,(anonymous_6)
FN:138,(anonymous_7)
FN:146,(anonymous_8)
FN:154,(anonymous_9)
FNF:10
FNH:0
FNDA:0,(anonymous_0)
FNDA:0,(anonymous_1)
FNDA:0,(anonymous_2)
FNDA:0,(anonymous_3)
FNDA:0,(anonymous_4)
FNDA:0,Layout
FNDA:0,(anonymous_6)
FNDA:0,(anonymous_7)
FNDA:0,(anonymous_8)
FNDA:0,(anonymous_9)
DA:8,0
DA:10,0
DA:18,0
DA:19,0
DA:21,0
DA:22,0
DA:30,0
DA:50,0
DA:51,0
DA:53,0
DA:55,0
DA:57,0
DA:59,0
DA:61,0
DA:65,0
DA:66,0
DA:72,0
DA:96,0
DA:98,0
DA:130,0
DA:138,0
DA:146,0
DA:154,0
LF:23
LH:0
BRDA:23,0,0,0
BRDA:23,0,1,0
BRDA:43,1,0,0
BRDA:43,1,1,0
BRDA:44,2,0,0
BRDA:44,2,1,0
BRDA:51,3,0,0
BRDA:51,3,1,0
BRDA:51,3,2,0
BRDA:51,3,3,0
BRDA:51,3,4,0
BRDA:53,4,0,0
BRDA:53,4,1,0
BRDA:55,5,0,0
BRDA:55,5,1,0
BRDA:57,6,0,0
BRDA:57,6,1,0
BRDA:59,7,0,0
BRDA:59,7,1,0
BRF:19
BRH:0
end_of_record
TN:
SF:app\(root)\(tabs)\chat.jsx
FN:72,ChatList
FN:92,(anonymous_1)
FN:95,(anonymous_2)
FN:122,(anonymous_3)
FN:129,(anonymous_4)
FN:131,(anonymous_5)
FN:136,(anonymous_6)
FN:139,(anonymous_7)
FN:142,(anonymous_8)
FN:151,(anonymous_9)
FN:159,(anonymous_10)
FN:161,(anonymous_11)
FN:164,(anonymous_12)
FN:206,(anonymous_13)
FN:222,(anonymous_14)
FN:226,(anonymous_15)
FN:254,(anonymous_16)
FN:270,(anonymous_17)
FN:272,(anonymous_18)
FN:278,(anonymous_19)
FN:291,(anonymous_20)
FN:308,(anonymous_21)
FN:310,(anonymous_22)
FN:311,(anonymous_23)
FN:319,(anonymous_24)
FN:356,(anonymous_25)
FN:386,(anonymous_26)
FN:390,(anonymous_27)
FN:393,(anonymous_28)
FN:405,(anonymous_29)
FN:421,(anonymous_30)
FN:435,(anonymous_31)
FN:474,(anonymous_32)
FN:485,(anonymous_33)
FN:499,(anonymous_34)
FN:534,(anonymous_35)
FN:548,(anonymous_36)
FN:581,(anonymous_37)
FN:604,(anonymous_38)
FN:643,(anonymous_39)
FN:651,handleDecrypt
FN:674,(anonymous_41)
FN:677,(anonymous_42)
FN:686,(anonymous_43)
FN:700,(anonymous_44)
FN:701,(anonymous_45)
FN:842,(anonymous_46)
FN:847,(anonymous_47)
FN:888,(anonymous_48)
FN:900,(anonymous_49)
FN:926,(anonymous_50)
FN:927,(anonymous_51)
FN:974,(anonymous_52)
FN:988,(anonymous_53)
FN:1040,(anonymous_54)
FN:1054,(anonymous_55)
FN:1055,(anonymous_56)
FN:1057,(anonymous_57)
FNF:58
FNH:0
FNDA:0,ChatList
FNDA:0,(anonymous_1)
FNDA:0,(anonymous_2)
FNDA:0,(anonymous_3)
FNDA:0,(anonymous_4)
FNDA:0,(anonymous_5)
FNDA:0,(anonymous_6)
FNDA:0,(anonymous_7)
FNDA:0,(anonymous_8)
FNDA:0,(anonymous_9)
FNDA:0,(anonymous_10)
FNDA:0,(anonymous_11)
FNDA:0,(anonymous_12)
FNDA:0,(anonymous_13)
FNDA:0,(anonymous_14)
FNDA:0,(anonymous_15)
FNDA:0,(anonymous_16)
FNDA:0,(anonymous_17)
FNDA:0,(anonymous_18)
FNDA:0,(anonymous_19)
FNDA:0,(anonymous_20)
FNDA:0,(anonymous_21)
FNDA:0,(anonymous_22)
FNDA:0,(anonymous_23)
FNDA:0,(anonymous_24)
FNDA:0,(anonymous_25)
FNDA:0,(anonymous_26)
FNDA:0,(anonymous_27)
FNDA:0,(anonymous_28)
FNDA:0,(anonymous_29)
FNDA:0,(anonymous_30)
FNDA:0,(anonymous_31)
FNDA:0,(anonymous_32)
FNDA:0,(anonymous_33)
FNDA:0,(anonymous_34)
FNDA:0,(anonymous_35)
FNDA:0,(anonymous_36)
FNDA:0,(anonymous_37)
FNDA:0,(anonymous_38)
FNDA:0,(anonymous_39)
FNDA:0,handleDecrypt
FNDA:0,(anonymous_41)
FNDA:0,(anonymous_42)
FNDA:0,(anonymous_43)
FNDA:0,(anonymous_44)
FNDA:0,(anonymous_45)
FNDA:0,(anonymous_46)
FNDA:0,(anonymous_47)
FNDA:0,(anonymous_48)
FNDA:0,(anonymous_49)
FNDA:0,(anonymous_50)
FNDA:0,(anonymous_51)
FNDA:0,(anonymous_52)
FNDA:0,(anonymous_53)
FNDA:0,(anonymous_54)
FNDA:0,(anonymous_55)
FNDA:0,(anonymous_56)
FNDA:0,(anonymous_57)
DA:46,0
DA:49,0
DA:69,0
DA:70,0
DA:73,0
DA:74,0
DA:75,0
DA:76,0
DA:77,0
DA:78,0
DA:79,0
DA:80,0
DA:81,0
DA:82,0
DA:83,0
DA:84,0
DA:85,0
DA:86,0
DA:87,0
DA:90,0
DA:92,0
DA:101,0
DA:102,0
DA:122,0
DA:124,0
DA:126,0
DA:129,0
DA:130,0
DA:131,0
DA:132,0
DA:134,0
DA:136,0
DA:139,0
DA:140,0
DA:143,0
DA:144,0
DA:145,0
DA:147,0
DA:151,0
DA:152,0
DA:153,0
DA:154,0
DA:155,0
DA:159,0
DA:160,0
DA:161,0
DA:164,0
DA:165,0
DA:166,0
DA:172,0
DA:173,0
DA:174,0
DA:177,0
DA:201,0
DA:202,0
DA:206,0
DA:207,0
DA:208,0
DA:211,0
DA:212,0
DA:216,0
DA:222,0
DA:223,0
DA:224,0
DA:226,0
DA:227,0
DA:228,0
DA:229,0
DA:236,0
DA:237,0
DA:239,0
DA:241,0
DA:251,0
DA:254,0
DA:255,0
DA:256,0
DA:257,0
DA:260,0
DA:261,0
DA:262,0
DA:263,0
DA:267,0
DA:270,0
DA:271,0
DA:272,0
DA:273,0
DA:275,0
DA:278,0
DA:279,0
DA:282,0
DA:283,0
DA:284,0
DA:287,0
DA:288,0
DA:292,0
DA:293,0
DA:294,0
DA:295,0
DA:300,0
DA:301,0
DA:302,0
DA:303,0
DA:308,0
DA:309,0
DA:310,0
DA:311,0
DA:312,0
DA:313,0
DA:319,0
DA:320,0
DA:321,0
DA:322,0
DA:323,0
DA:326,0
DA:327,0
DA:328,0
DA:331,0
DA:347,0
DA:348,0
DA:349,0
DA:350,0
DA:353,0
DA:356,0
DA:374,0
DA:375,0
DA:378,0
DA:379,0
DA:381,0
DA:386,0
DA:387,0
DA:388,0
DA:390,0
DA:393,0
DA:394,0
DA:395,0
DA:398,0
DA:399,0
DA:403,0
DA:404,0
DA:405,0
DA:408,0
DA:410,0
DA:411,0
DA:412,0
DA:414,0
DA:415,0
DA:417,0
DA:421,0
DA:422,0
DA:423,0
DA:424,0
DA:425,0
DA:428,0
DA:429,0
DA:433,0
DA:435,0
DA:436,0
DA:439,0
DA:440,0
DA:448,0
DA:450,0
DA:460,0
DA:462,0
DA:465,0
DA:474,0
DA:475,0
DA:478,0
DA:480,0
DA:481,0
DA:485,0
DA:486,0
DA:487,0
DA:488,0
DA:489,0
DA:492,0
DA:493,0
DA:497,0
DA:499,0
DA:500,0
DA:503,0
DA:504,0
DA:512,0
DA:519,0
DA:527,0
DA:529,0
DA:530,0
DA:534,0
DA:535,0
DA:536,0
DA:537,0
DA:538,0
DA:539,0
DA:541,0
DA:542,0
DA:543,0
DA:544,0
DA:548,0
DA:549,0
DA:581,0
DA:604,0
DA:605,0
DA:643,0
DA:652,0
DA:655,0
DA:656,0
DA:657,0
DA:659,0
DA:660,0
DA:661,0
DA:663,0
DA:665,0
DA:666,0
DA:667,0
DA:670,0
DA:674,0
DA:675,0
DA:677,0
DA:678,0
DA:686,0
DA:687,0
DA:695,0
DA:697,0
DA:700,0
DA:702,0
DA:703,0
DA:842,0
DA:843,0
DA:847,0
DA:888,0
DA:900,0
DA:917,0
DA:926,0
DA:927,0
DA:974,0
DA:988,0
DA:1040,0
DA:1054,0
DA:1056,0
DA:1058,0
DA:1059,0
LF:240
LH:0
BRDA:92,0,0,0
BRDA:92,0,1,0
BRDA:101,1,0,0
BRDA:101,1,1,0
BRDA:124,2,0,0
BRDA:124,2,1,0
BRDA:143,3,0,0
BRDA:143,3,1,0
BRDA:153,4,0,0
BRDA:153,4,1,0
BRDA:154,5,0,0
BRDA:154,5,1,0
BRDA:159,6,0,0
BRDA:160,7,0,0
BRDA:160,7,1,0
BRDA:160,8,0,0
BRDA:160,8,1,0
BRDA:161,9,0,0
BRDA:161,9,1,0
BRDA:172,10,0,0
BRDA:172,10,1,0
BRDA:197,11,0,0
BRDA:197,11,1,0
BRDA:198,12,0,0
BRDA:198,12,1,0
BRDA:211,13,0,0
BRDA:211,13,1,0
BRDA:228,14,0,0
BRDA:228,14,1,0
BRDA:233,15,0,0
BRDA:233,15,1,0
BRDA:233,15,2,0
BRDA:237,16,0,0
BRDA:237,16,1,0
BRDA:246,17,0,0
BRDA:246,17,1,0
BRDA:247,18,0,0
BRDA:247,18,1,0
BRDA:247,18,2,0
BRDA:255,19,0,0
BRDA:255,19,1,0
BRDA:255,19,2,0
BRDA:256,20,0,0
BRDA:256,20,1,0
BRDA:256,20,2,0
BRDA:262,21,0,0
BRDA:262,21,1,0
BRDA:282,22,0,0
BRDA:282,22,1,0
BRDA:287,23,0,0
BRDA:287,23,1,0
BRDA:293,24,0,0
BRDA:293,24,1,0
BRDA:301,25,0,0
BRDA:301,25,1,0
BRDA:312,26,0,0
BRDA:312,26,1,0
BRDA:320,27,0,0
BRDA:320,27,1,0
BRDA:320,28,0,0
BRDA:320,28,1,0
BRDA:347,29,0,0
BRDA:347,29,1,0
BRDA:353,30,0,0
BRDA:353,30,1,0
BRDA:356,31,0,0
BRDA:356,31,1,0
BRDA:387,32,0,0
BRDA:387,32,1,0
BRDA:398,33,0,0
BRDA:398,33,1,0
BRDA:423,34,0,0
BRDA:423,34,1,0
BRDA:439,35,0,0
BRDA:439,35,1,0
BRDA:487,36,0,0
BRDA:487,36,1,0
BRDA:503,37,0,0
BRDA:503,37,1,0
BRDA:535,38,0,0
BRDA:535,38,1,0
BRDA:541,39,0,0
BRDA:541,39,1,0
BRDA:542,40,0,0
BRDA:542,40,1,0
BRDA:543,41,0,0
BRDA:543,41,1,0
BRDA:640,42,0,0
BRDA:640,42,1,0
BRDA:642,43,0,0
BRDA:642,43,1,0
BRDA:655,44,0,0
BRDA:655,44,1,0
BRDA:660,45,0,0
BRDA:660,45,1,0
BRDA:708,46,0,0
BRDA:708,46,1,0
BRDA:728,47,0,0
BRDA:728,47,1,0
BRDA:729,48,0,0
BRDA:729,48,1,0
BRDA:737,49,0,0
BRDA:737,49,1,0
BRDA:737,49,2,0
BRDA:737,49,3,0
BRDA:740,50,0,0
BRDA:740,50,1,0
BRDA:766,51,0,0
BRDA:766,51,1,0
BRDA:771,52,0,0
BRDA:771,52,1,0
BRDA:776,53,0,0
BRDA:776,53,1,0
BRDA:778,54,0,0
BRDA:778,54,1,0
BRDA:794,55,0,0
BRDA:794,55,1,0
BRDA:798,56,0,0
BRDA:798,56,1,0
BRDA:803,57,0,0
BRDA:803,57,1,0
BRDA:809,58,0,0
BRDA:809,58,1,0
BRDA:809,58,2,0
BRDA:814,59,0,0
BRDA:814,59,1,0
BRDA:829,60,0,0
BRDA:829,60,1,0
BRDA:1039,61,0,0
BRDA:1039,61,1,0
BRDA:1047,62,0,0
BRDA:1047,62,1,0
BRDA:1076,63,0,0
BRDA:1076,63,1,0
BRDA:1077,64,0,0
BRDA:1077,64,1,0
BRDA:1098,65,0,0
BRDA:1098,65,1,0
BRDA:1101,66,0,0
BRDA:1101,66,1,0
BRDA:1107,67,0,0
BRDA:1107,67,1,0
BRDA:1114,68,0,0
BRDA:1114,68,1,0
BRF:144
BRH:0
end_of_record
TN:
SF:app\(root)\(tabs)\connect.jsx
FN:28,(anonymous_0)
FN:102,Connect
FN:125,(anonymous_2)
FN:126,(anonymous_3)
FN:129,(anonymous_4)
FN:134,(anonymous_5)
FN:140,(anonymous_6)
FN:145,(anonymous_7)
FN:150,(anonymous_8)
FN:153,sendPushNotification
FN:178,(anonymous_10)
FN:227,(anonymous_11)
FN:255,(anonymous_12)
FN:288,(anonymous_13)
FN:314,(anonymous_14)
FN:351,(anonymous_15)
FN:516,(anonymous_16)
FN:567,(anonymous_17)
FN:605,(anonymous_18)
FN:625,(anonymous_19)
FN:628,(anonymous_20)
FN:650,(anonymous_21)
FN:653,(anonymous_22)
FN:654,(anonymous_23)
FN:655,(anonymous_24)
FN:677,(anonymous_25)
FN:707,(anonymous_26)
FN:710,(anonymous_27)
FN:825,(anonymous_28)
FN:852,(anonymous_29)
FN:855,(anonymous_30)
FN:937,(anonymous_31)
FN:983,(anonymous_32)
FN:983,(anonymous_33)
FN:998,(anonymous_34)
FN:1014,(anonymous_35)
FN:1114,(anonymous_36)
FN:1146,(anonymous_37)
FN:1150,(anonymous_38)
FN:1161,(anonymous_39)
FN:1165,(anonymous_40)
FNF:41
FNH:0
FNDA:0,(anonymous_0)
FNDA:0,Connect
FNDA:0,(anonymous_2)
FNDA:0,(anonymous_3)
FNDA:0,(anonymous_4)
FNDA:0,(anonymous_5)
FNDA:0,(anonymous_6)
FNDA:0,(anonymous_7)
FNDA:0,(anonymous_8)
FNDA:0,sendPushNotification
FNDA:0,(anonymous_10)
FNDA:0,(anonymous_11)
FNDA:0,(anonymous_12)
FNDA:0,(anonymous_13)
FNDA:0,(anonymous_14)
FNDA:0,(anonymous_15)
FNDA:0,(anonymous_16)
FNDA:0,(anonymous_17)
FNDA:0,(anonymous_18)
FNDA:0,(anonymous_19)
FNDA:0,(anonymous_20)
FNDA:0,(anonymous_21)
FNDA:0,(anonymous_22)
FNDA:0,(anonymous_23)
FNDA:0,(anonymous_24)
FNDA:0,(anonymous_25)
FNDA:0,(anonymous_26)
FNDA:0,(anonymous_27)
FNDA:0,(anonymous_28)
FNDA:0,(anonymous_29)
FNDA:0,(anonymous_30)
FNDA:0,(anonymous_31)
FNDA:0,(anonymous_32)
FNDA:0,(anonymous_33)
FNDA:0,(anonymous_34)
FNDA:0,(anonymous_35)
FNDA:0,(anonymous_36)
FNDA:0,(anonymous_37)
FNDA:0,(anonymous_38)
FNDA:0,(anonymous_39)
FNDA:0,(anonymous_40)
DA:26,0
DA:31,0
DA:43,0
DA:56,0
DA:77,0
DA:89,0
DA:103,0
DA:104,0
DA:105,0
DA:106,0
DA:107,0
DA:108,0
DA:109,0
DA:110,0
DA:111,0
DA:112,0
DA:113,0
DA:115,0
DA:116,0
DA:117,0
DA:118,0
DA:119,0
DA:120,0
DA:123,0
DA:125,0
DA:126,0
DA:134,0
DA:135,0
DA:136,0
DA:140,0
DA:141,0
DA:142,0
DA:144,0
DA:145,0
DA:147,0
DA:150,0
DA:151,0
DA:156,0
DA:160,0
DA:178,0
DA:179,0
DA:180,0
DA:181,0
DA:183,0
DA:184,0
DA:227,0
DA:228,0
DA:229,0
DA:230,0
DA:232,0
DA:233,0
DA:234,0
DA:235,0
DA:239,0
DA:245,0
DA:246,0
DA:247,0
DA:248,0
DA:249,0
DA:252,0
DA:255,0
DA:278,0
DA:279,0
DA:280,0
DA:282,0
DA:283,0
DA:284,0
DA:288,0
DA:289,0
DA:290,0
DA:291,0
DA:292,0
DA:295,0
DA:297,0
DA:298,0
DA:299,0
DA:303,0
DA:304,0
DA:307,0
DA:308,0
DA:312,0
DA:314,0
DA:315,0
DA:320,0
DA:321,0
DA:324,0
DA:331,0
DA:335,0
DA:343,0
DA:345,0
DA:346,0
DA:351,0
DA:352,0
DA:517,0
DA:568,0
DA:569,0
DA:605,0
DA:606,0
DA:626,0
DA:628,0
DA:651,0
DA:654,0
DA:655,0
DA:678,0
DA:679,0
DA:698,0
DA:699,0
DA:707,0
DA:708,0
DA:711,0
DA:712,0
DA:826,0
DA:827,0
DA:852,0
DA:853,0
DA:856,0
DA:857,0
DA:938,0
DA:939,0
DA:954,0
DA:983,0
DA:998,0
DA:1014,0
DA:1116,0
DA:1146,0
DA:1150,0
DA:1161,0
DA:1166,0
DA:1167,0
LF:129
LH:0
BRDA:104,0,0,0
BRDA:104,0,1,0
BRDA:125,1,0,0
BRDA:125,1,1,0
BRDA:126,2,0,0
BRDA:126,2,1,0
BRDA:135,3,0,0
BRDA:135,3,1,0
BRDA:141,4,0,0
BRDA:141,4,1,0
BRDA:142,5,0,0
BRDA:142,5,1,0
BRDA:144,6,0,0
BRDA:144,6,1,0
BRDA:147,7,0,0
BRDA:147,7,1,0
BRDA:147,7,2,0
BRDA:179,8,0,0
BRDA:179,8,1,0
BRDA:180,9,0,0
BRDA:180,9,1,0
BRDA:180,10,0,0
BRDA:180,10,1,0
BRDA:180,10,2,0
BRDA:183,11,0,0
BRDA:183,11,1,0
BRDA:232,12,0,0
BRDA:232,12,1,0
BRDA:245,13,0,0
BRDA:245,13,1,0
BRDA:252,14,0,0
BRDA:252,14,1,0
BRDA:255,15,0,0
BRDA:255,15,1,0
BRDA:290,16,0,0
BRDA:290,16,1,0
BRDA:290,17,0,0
BRDA:290,17,1,0
BRDA:295,18,0,0
BRDA:295,18,1,0
BRDA:297,19,0,0
BRDA:297,19,1,0
BRDA:320,20,0,0
BRDA:320,20,1,0
BRDA:421,21,0,0
BRDA:421,21,1,0
BRDA:421,21,2,0
BRDA:421,21,3,0
BRDA:432,22,0,0
BRDA:432,22,1,0
BRDA:436,23,0,0
BRDA:436,23,1,0
BRDA:447,24,0,0
BRDA:447,24,1,0
BRDA:455,25,0,0
BRDA:455,25,1,0
BRDA:460,26,0,0
BRDA:460,26,1,0
BRDA:467,27,0,0
BRDA:467,27,1,0
BRDA:477,28,0,0
BRDA:477,28,1,0
BRDA:477,28,2,0
BRDA:494,29,0,0
BRDA:494,29,1,0
BRDA:515,30,0,0
BRDA:515,30,1,0
BRDA:534,31,0,0
BRDA:534,31,1,0
BRDA:628,32,0,0
BRDA:628,32,1,0
BRDA:633,33,0,0
BRDA:633,33,1,0
BRDA:637,34,0,0
BRDA:637,34,1,0
BRDA:655,35,0,0
BRDA:655,35,1,0
BRDA:662,36,0,0
BRDA:662,36,1,0
BRDA:666,37,0,0
BRDA:666,37,1,0
BRDA:698,38,0,0
BRDA:698,38,1,0
BRDA:727,39,0,0
BRDA:727,39,1,0
BRDA:766,40,0,0
BRDA:766,40,1,0
BRDA:766,40,2,0
BRDA:766,40,3,0
BRDA:904,41,0,0
BRDA:904,41,1,0
BRDA:904,41,2,0
BRDA:904,41,3,0
BRDA:915,42,0,0
BRDA:915,42,1,0
BRDA:983,43,0,0
BRDA:983,43,1,0
BRDA:995,44,0,0
BRDA:995,44,1,0
BRDA:1071,45,0,0
BRDA:1071,45,1,0
BRDA:1140,46,0,0
BRDA:1140,46,1,0
BRF:103
BRH:0
end_of_record
TN:
SF:app\(root)\(tabs)\groups.jsx
FN:44,GroupList
FN:52,(anonymous_1)
FN:58,(anonymous_2)
FN:92,(anonymous_3)
FN:96,(anonymous_4)
FN:114,(anonymous_5)
FN:137,(anonymous_6)
FN:191,(anonymous_7)
FN:193,(anonymous_8)
FN:252,(anonymous_9)
FN:275,(anonymous_10)
FN:280,(anonymous_11)
FN:321,(anonymous_12)
FNF:13
FNH:0
FNDA:0,GroupList
FNDA:0,(anonymous_1)
FNDA:0,(anonymous_2)
FNDA:0,(anonymous_3)
FNDA:0,(anonymous_4)
FNDA:0,(anonymous_5)
FNDA:0,(anonymous_6)
FNDA:0,(anonymous_7)
FNDA:0,(anonymous_8)
FNDA:0,(anonymous_9)
FNDA:0,(anonymous_10)
FNDA:0,(anonymous_11)
FNDA:0,(anonymous_12)
DA:19,0
DA:31,0
DA:41,0
DA:42,0
DA:45,0
DA:46,0
DA:47,0
DA:48,0
DA:49,0
DA:50,0
DA:52,0
DA:53,0
DA:54,0
DA:58,0
DA:59,0
DA:60,0
DA:61,0
DA:63,0
DA:64,0
DA:65,0
DA:66,0
DA:70,0
DA:76,0
DA:77,0
DA:79,0
DA:81,0
DA:82,0
DA:85,0
DA:86,0
DA:88,0
DA:92,0
DA:93,0
DA:96,0
DA:97,0
DA:99,0
DA:100,0
DA:109,0
DA:110,0
DA:114,0
DA:115,0
DA:116,0
DA:118,0
DA:125,0
DA:126,0
DA:129,0
DA:130,0
DA:132,0
DA:133,0
DA:137,0
DA:138,0
DA:139,0
DA:140,0
DA:143,0
DA:144,0
DA:145,0
DA:148,0
DA:150,0
DA:151,0
DA:152,0
DA:153,0
DA:157,0
DA:158,0
DA:159,0
DA:160,0
DA:162,0
DA:167,0
DA:169,0
DA:172,0
DA:181,0
DA:184,0
DA:185,0
DA:187,0
DA:191,0
DA:192,0
DA:193,0
DA:252,0
DA:253,0
DA:254,0
DA:256,0
DA:275,0
DA:276,0
DA:280,0
DA:321,0
DA:364,0
DA:365,0
DA:385,0
LF:86
LH:0
BRDA:53,0,0,0
BRDA:53,0,1,0
BRDA:63,1,0,0
BRDA:63,1,1,0
BRDA:76,2,0,0
BRDA:76,2,1,0
BRDA:82,3,0,0
BRDA:82,3,1,0
BRDA:99,4,0,0
BRDA:99,4,1,0
BRDA:125,5,0,0
BRDA:125,5,1,0
BRDA:138,6,0,0
BRDA:138,6,1,0
BRDA:138,7,0,0
BRDA:138,7,1,0
BRDA:150,8,0,0
BRDA:150,8,1,0
BRDA:231,9,0,0
BRDA:231,9,1,0
BRDA:364,10,0,0
BRDA:364,10,1,0
BRF:22
BRH:0
end_of_record
TN:
SF:app\(root)\(tabs)\home.jsx
FN:57,EnhancedHome
FN:87,(anonymous_1)
FN:94,(anonymous_2)
FN:96,(anonymous_3)
FN:100,(anonymous_4)
FN:112,(anonymous_5)
FN:120,(anonymous_6)
FN:128,(anonymous_7)
FN:135,(anonymous_8)
FN:137,(anonymous_9)
FN:137,(anonymous_10)
FN:138,(anonymous_11)
FN:138,(anonymous_12)
FN:142,(anonymous_13)
FN:151,(anonymous_14)
FN:187,(anonymous_15)
FN:190,(anonymous_16)
FN:191,(anonymous_17)
FN:204,(anonymous_18)
FN:207,(anonymous_19)
FN:208,(anonymous_20)
FN:214,(anonymous_21)
FN:215,(anonymous_22)
FN:223,(anonymous_23)
FN:226,(anonymous_24)
FN:226,(anonymous_25)
FN:227,(anonymous_26)
FN:227,(anonymous_27)
FN:245,(anonymous_28)
FN:267,(anonymous_29)
FN:272,(anonymous_30)
FN:280,(anonymous_31)
FN:305,(anonymous_32)
FN:318,(anonymous_33)
FN:321,(anonymous_34)
FN:376,(anonymous_35)
FN:384,(anonymous_36)
FN:398,(anonymous_37)
FN:402,(anonymous_38)
FN:436,(anonymous_39)
FN:451,(anonymous_40)
FN:459,(anonymous_41)
FN:460,(anonymous_42)
FN:466,(anonymous_43)
FN:470,(anonymous_44)
FN:477,(anonymous_45)
FN:494,(anonymous_46)
FN:495,(anonymous_47)
FN:500,(anonymous_48)
FN:504,(anonymous_49)
FN:509,(anonymous_50)
FN:512,(anonymous_51)
FN:517,(anonymous_52)
FN:523,(anonymous_53)
FN:527,(anonymous_54)
FN:531,(anonymous_55)
FN:535,(anonymous_56)
FN:558,(anonymous_57)
FN:559,(anonymous_58)
FN:571,(anonymous_59)
FN:575,(anonymous_60)
FN:587,(anonymous_61)
FN:599,(anonymous_62)
FN:661,(anonymous_63)
FN:672,(anonymous_64)
FN:686,(anonymous_65)
FN:710,(anonymous_66)
FN:725,(anonymous_67)
FN:760,(anonymous_68)
FN:795,(anonymous_69)
FN:807,(anonymous_70)
FN:817,(anonymous_71)
FN:833,(anonymous_72)
FN:836,(anonymous_73)
FN:887,(anonymous_74)
FN:892,(anonymous_75)
FN:902,(anonymous_76)
FN:925,(anonymous_77)
FN:934,(anonymous_78)
FN:957,(anonymous_79)
FN:985,(anonymous_80)
FN:1021,(anonymous_81)
FNF:82
FNH:0
FNDA:0,EnhancedHome
FNDA:0,(anonymous_1)
FNDA:0,(anonymous_2)
FNDA:0,(anonymous_3)
FNDA:0,(anonymous_4)
FNDA:0,(anonymous_5)
FNDA:0,(anonymous_6)
FNDA:0,(anonymous_7)
FNDA:0,(anonymous_8)
FNDA:0,(anonymous_9)
FNDA:0,(anonymous_10)
FNDA:0,(anonymous_11)
FNDA:0,(anonymous_12)
FNDA:0,(anonymous_13)
FNDA:0,(anonymous_14)
FNDA:0,(anonymous_15)
FNDA:0,(anonymous_16)
FNDA:0,(anonymous_17)
FNDA:0,(anonymous_18)
FNDA:0,(anonymous_19)
FNDA:0,(anonymous_20)
FNDA:0,(anonymous_21)
FNDA:0,(anonymous_22)
FNDA:0,(anonymous_23)
FNDA:0,(anonymous_24)
FNDA:0,(anonymous_25)
FNDA:0,(anonymous_26)
FNDA:0,(anonymous_27)
FNDA:0,(anonymous_28)
FNDA:0,(anonymous_29)
FNDA:0,(anonymous_30)
FNDA:0,(anonymous_31)
FNDA:0,(anonymous_32)
FNDA:0,(anonymous_33)
FNDA:0,(anonymous_34)
FNDA:0,(anonymous_35)
FNDA:0,(anonymous_36)
FNDA:0,(anonymous_37)
FNDA:0,(anonymous_38)
FNDA:0,(anonymous_39)
FNDA:0,(anonymous_40)
FNDA:0,(anonymous_41)
FNDA:0,(anonymous_42)
FNDA:0,(anonymous_43)
FNDA:0,(anonymous_44)
FNDA:0,(anonymous_45)
FNDA:0,(anonymous_46)
FNDA:0,(anonymous_47)
FNDA:0,(anonymous_48)
FNDA:0,(anonymous_49)
FNDA:0,(anonymous_50)
FNDA:0,(anonymous_51)
FNDA:0,(anonymous_52)
FNDA:0,(anonymous_53)
FNDA:0,(anonymous_54)
FNDA:0,(anonymous_55)
FNDA:0,(anonymous_56)
FNDA:0,(anonymous_57)
FNDA:0,(anonymous_58)
FNDA:0,(anonymous_59)
FNDA:0,(anonymous_60)
FNDA:0,(anonymous_61)
FNDA:0,(anonymous_62)
FNDA:0,(anonymous_63)
FNDA:0,(anonymous_64)
FNDA:0,(anonymous_65)
FNDA:0,(anonymous_66)
FNDA:0,(anonymous_67)
FNDA:0,(anonymous_68)
FNDA:0,(anonymous_69)
FNDA:0,(anonymous_70)
FNDA:0,(anonymous_71)
FNDA:0,(anonymous_72)
FNDA:0,(anonymous_73)
FNDA:0,(anonymous_74)
FNDA:0,(anonymous_75)
FNDA:0,(anonymous_76)
FNDA:0,(anonymous_77)
FNDA:0,(anonymous_78)
FNDA:0,(anonymous_79)
FNDA:0,(anonymous_80)
FNDA:0,(anonymous_81)
DA:38,0
DA:39,0
DA:40,0
DA:42,0
DA:51,0
DA:52,0
DA:53,0
DA:54,0
DA:55,0
DA:58,0
DA:59,0
DA:60,0
DA:61,0
DA:62,0
DA:63,0
DA:64,0
DA:65,0
DA:66,0
DA:67,0
DA:68,0
DA:69,0
DA:70,0
DA:71,0
DA:72,0
DA:73,0
DA:74,0
DA:75,0
DA:76,0
DA:77,0
DA:78,0
DA:79,0
DA:82,0
DA:83,0
DA:84,0
DA:86,0
DA:88,0
DA:89,0
DA:94,0
DA:95,0
DA:96,0
DA:97,0
DA:100,0
DA:101,0
DA:102,0
DA:107,0
DA:113,0
DA:114,0
DA:121,0
DA:122,0
DA:129,0
DA:130,0
DA:135,0
DA:136,0
DA:137,0
DA:138,0
DA:142,0
DA:143,0
DA:144,0
DA:145,0
DA:146,0
DA:151,0
DA:152,0
DA:154,0
DA:156,0
DA:177,0
DA:179,0
DA:187,0
DA:190,0
DA:191,0
DA:194,0
DA:198,0
DA:200,0
DA:204,0
DA:205,0
DA:207,0
DA:208,0
DA:209,0
DA:214,0
DA:215,0
DA:216,0
DA:223,0
DA:224,0
DA:226,0
DA:227,0
DA:230,0
DA:239,0
DA:245,0
DA:246,0
DA:247,0
DA:251,0
DA:253,0
DA:254,0
DA:255,0
DA:256,0
DA:258,0
DA:265,0
DA:267,0
DA:272,0
DA:273,0
DA:275,0
DA:276,0
DA:280,0
DA:281,0
DA:282,0
DA:283,0
DA:284,0
DA:285,0
DA:287,0
DA:288,0
DA:289,0
DA:290,0
DA:291,0
DA:292,0
DA:293,0
DA:295,0
DA:298,0
DA:300,0
DA:301,0
DA:305,0
DA:306,0
DA:307,0
DA:311,0
DA:313,0
DA:318,0
DA:319,0
DA:321,0
DA:322,0
DA:325,0
DA:326,0
DA:327,0
DA:329,0
DA:330,0
DA:333,0
DA:337,0
DA:338,0
DA:339,0
DA:340,0
DA:344,0
DA:346,0
DA:347,0
DA:349,0
DA:370,0
DA:371,0
DA:374,0
DA:376,0
DA:384,0
DA:388,0
DA:389,0
DA:391,0
DA:393,0
DA:394,0
DA:395,0
DA:398,0
DA:399,0
DA:400,0
DA:402,0
DA:403,0
DA:404,0
DA:406,0
DA:409,0
DA:412,0
DA:413,0
DA:416,0
DA:419,0
DA:421,0
DA:431,0
DA:432,0
DA:434,0
DA:435,0
DA:436,0
DA:441,0
DA:442,0
DA:443,0
DA:444,0
DA:445,0
DA:451,0
DA:452,0
DA:454,0
DA:455,0
DA:459,0
DA:460,0
DA:461,0
DA:466,0
DA:467,0
DA:470,0
DA:471,0
DA:472,0
DA:473,0
DA:477,0
DA:478,0
DA:479,0
DA:484,0
DA:485,0
DA:488,0
DA:489,0
DA:494,0
DA:495,0
DA:496,0
DA:500,0
DA:501,0
DA:504,0
DA:505,0
DA:506,0
DA:508,0
DA:509,0
DA:510,0
DA:512,0
DA:517,0
DA:518,0
DA:519,0
DA:520,0
DA:523,0
DA:524,0
DA:527,0
DA:528,0
DA:531,0
DA:532,0
DA:535,0
DA:536,0
DA:537,0
DA:540,0
DA:558,0
DA:559,0
DA:562,0
DA:563,0
DA:566,0
DA:567,0
DA:571,0
DA:572,0
DA:573,0
DA:574,0
DA:575,0
DA:587,0
DA:588,0
DA:595,0
DA:596,0
DA:597,0
DA:599,0
DA:600,0
DA:601,0
DA:602,0
DA:603,0
DA:607,0
DA:661,0
DA:662,0
DA:663,0
DA:667,0
DA:672,0
DA:686,0
DA:687,0
DA:710,0
DA:726,0
DA:727,0
DA:729,0
DA:730,0
DA:760,0
DA:795,0
DA:796,0
DA:807,0
DA:818,0
DA:833,0
DA:834,0
DA:836,0
DA:887,0
DA:888,0
DA:892,0
DA:893,0
DA:894,0
DA:902,0
DA:903,0
DA:905,0
DA:925,0
DA:926,0
DA:934,0
DA:936,0
DA:937,0
DA:956,0
DA:957,0
DA:985,0
DA:1021,0
LF:280
LH:0
BRDA:72,0,0,0
BRDA:72,0,1,0
BRDA:88,1,0,0
BRDA:88,1,1,0
BRDA:97,2,0,0
BRDA:97,2,1,0
BRDA:101,3,0,0
BRDA:101,3,1,0
BRDA:136,4,0,0
BRDA:136,4,1,0
BRDA:152,5,0,0
BRDA:152,5,1,0
BRDA:177,6,0,0
BRDA:177,6,1,0
BRDA:177,7,0,0
BRDA:177,7,1,0
BRDA:181,8,0,0
BRDA:181,8,1,0
BRDA:181,8,2,0
BRDA:182,9,0,0
BRDA:182,9,1,0
BRDA:182,9,2,0
BRDA:182,10,0,0
BRDA:182,10,1,0
BRDA:182,10,2,0
BRDA:183,11,0,0
BRDA:183,11,1,0
BRDA:183,11,2,0
BRDA:183,12,0,0
BRDA:183,12,1,0
BRDA:183,12,2,0
BRDA:184,13,0,0
BRDA:184,13,1,0
BRDA:184,13,2,0
BRDA:185,14,0,0
BRDA:185,14,1,0
BRDA:186,15,0,0
BRDA:186,15,1,0
BRDA:187,16,0,0
BRDA:187,16,1,0
BRDA:205,17,0,0
BRDA:205,17,1,0
BRDA:209,18,0,0
BRDA:209,18,1,0
BRDA:216,19,0,0
BRDA:216,19,1,0
BRDA:224,20,0,0
BRDA:224,20,1,0
BRDA:231,21,0,0
BRDA:231,21,1,0
BRDA:232,22,0,0
BRDA:232,22,1,0
BRDA:233,23,0,0
BRDA:233,23,1,0
BRDA:235,24,0,0
BRDA:235,24,1,0
BRDA:236,25,0,0
BRDA:236,25,1,0
BRDA:251,26,0,0
BRDA:251,26,1,0
BRDA:251,27,0,0
BRDA:251,27,1,0
BRDA:265,28,0,0
BRDA:265,28,1,0
BRDA:265,29,0,0
BRDA:265,29,1,0
BRDA:269,30,0,0
BRDA:269,30,1,0
BRDA:269,31,0,0
BRDA:269,31,1,0
BRDA:272,32,0,0
BRDA:272,32,1,0
BRDA:273,33,0,0
BRDA:273,33,1,0
BRDA:283,34,0,0
BRDA:283,34,1,0
BRDA:287,35,0,0
BRDA:287,35,1,0
BRDA:289,36,0,0
BRDA:289,36,1,0
BRDA:318,37,0,0
BRDA:318,38,0,0
BRDA:319,39,0,0
BRDA:319,39,1,0
BRDA:319,40,0,0
BRDA:319,40,1,0
BRDA:325,41,0,0
BRDA:325,41,1,0
BRDA:329,42,0,0
BRDA:329,42,1,0
BRDA:337,43,0,0
BRDA:337,43,1,0
BRDA:337,44,0,0
BRDA:337,44,1,0
BRDA:339,45,0,0
BRDA:339,45,1,0
BRDA:370,46,0,0
BRDA:370,46,1,0
BRDA:374,47,0,0
BRDA:374,47,1,0
BRDA:376,48,0,0
BRDA:376,48,1,0
BRDA:378,49,0,0
BRDA:378,49,1,0
BRDA:378,49,2,0
BRDA:379,50,0,0
BRDA:379,50,1,0
BRDA:379,50,2,0
BRDA:379,51,0,0
BRDA:379,51,1,0
BRDA:379,51,2,0
BRDA:380,52,0,0
BRDA:380,52,1,0
BRDA:380,52,2,0
BRDA:380,53,0,0
BRDA:380,53,1,0
BRDA:380,53,2,0
BRDA:381,54,0,0
BRDA:381,54,1,0
BRDA:381,54,2,0
BRDA:382,55,0,0
BRDA:382,55,1,0
BRDA:383,56,0,0
BRDA:383,56,1,0
BRDA:384,57,0,0
BRDA:384,57,1,0
BRDA:391,58,0,0
BRDA:391,58,1,0
BRDA:391,59,0,0
BRDA:391,59,1,0
BRDA:412,60,0,0
BRDA:412,60,1,0
BRDA:412,61,0,0
BRDA:412,61,1,0
BRDA:426,62,0,0
BRDA:426,62,1,0
BRDA:432,63,0,0
BRDA:432,63,1,0
BRDA:434,64,0,0
BRDA:434,64,1,0
BRDA:441,65,0,0
BRDA:441,65,1,0
BRDA:452,66,0,0
BRDA:452,66,1,0
BRDA:452,67,0,0
BRDA:452,67,1,0
BRDA:452,67,2,0
BRDA:472,68,0,0
BRDA:472,68,1,0
BRDA:478,69,0,0
BRDA:478,69,1,0
BRDA:484,70,0,0
BRDA:484,70,1,0
BRDA:488,71,0,0
BRDA:488,71,1,0
BRDA:505,72,0,0
BRDA:505,72,1,0
BRDA:510,73,0,0
BRDA:510,73,1,0
BRDA:510,73,2,0
BRDA:510,73,3,0
BRDA:549,74,0,0
BRDA:549,74,1,0
BRDA:549,74,2,0
BRDA:550,75,0,0
BRDA:550,75,1,0
BRDA:550,76,0,0
BRDA:550,76,1,0
BRDA:550,76,2,0
BRDA:551,77,0,0
BRDA:551,77,1,0
BRDA:551,78,0,0
BRDA:551,78,1,0
BRDA:551,78,2,0
BRDA:552,79,0,0
BRDA:552,79,1,0
BRDA:552,79,2,0
BRDA:566,80,0,0
BRDA:566,80,1,0
BRDA:572,81,0,0
BRDA:572,81,1,0
BRDA:573,82,0,0
BRDA:573,82,1,0
BRDA:577,83,0,0
BRDA:577,83,1,0
BRDA:579,84,0,0
BRDA:579,84,1,0
BRDA:596,85,0,0
BRDA:596,85,1,0
BRDA:597,86,0,0
BRDA:597,86,1,0
BRDA:600,87,0,0
BRDA:600,87,1,0
BRDA:602,88,0,0
BRDA:602,88,1,0
BRDA:602,89,0,0
BRDA:602,89,1,0
BRDA:663,90,0,0
BRDA:663,90,1,0
BRDA:667,91,0,0
BRDA:667,91,1,0
BRDA:688,92,0,0
BRDA:688,92,1,0
BRDA:692,93,0,0
BRDA:692,93,1,0
BRDA:712,94,0,0
BRDA:712,94,1,0
BRDA:717,95,0,0
BRDA:717,95,1,0
BRDA:740,96,0,0
BRDA:740,96,1,0
BRDA:743,97,0,0
BRDA:743,97,1,0
BRDA:786,98,0,0
BRDA:786,98,1,0
BRDA:786,98,2,0
BRDA:786,98,3,0
BRDA:824,99,0,0
BRDA:824,99,1,0
BRDA:862,100,0,0
BRDA:862,100,1,0
BRDA:862,101,0,0
BRDA:862,101,1,0
BRDA:864,102,0,0
BRDA:864,102,1,0
BRDA:875,103,0,0
BRDA:875,103,1,0
BRDA:875,103,2,0
BRDA:875,103,3,0
BRDA:903,104,0,0
BRDA:903,104,1,0
BRDA:936,105,0,0
BRDA:936,105,1,0
BRDA:936,106,0,0
BRDA:936,106,1,0
BRDA:939,107,0,0
BRDA:939,107,1,0
BRDA:959,108,0,0
BRDA:959,108,1,0
BRDA:963,109,0,0
BRDA:963,109,1,0
BRF:241
BRH:0
end_of_record
TN:
SF:app\(root)\postDetailView\[postId].jsx
FN:56,PostDetailView
FN:76,(anonymous_1)
FN:81,(anonymous_2)
FN:89,(anonymous_3)
FN:105,(anonymous_4)
FN:108,(anonymous_5)
FN:163,(anonymous_6)
FN:183,(anonymous_7)
FN:221,(anonymous_8)
FN:234,(anonymous_9)
FN:242,(anonymous_10)
FN:262,(anonymous_11)
FN:289,(anonymous_12)
FN:296,(anonymous_13)
FN:318,(anonymous_14)
FN:328,(anonymous_15)
FN:333,(anonymous_16)
FN:336,(anonymous_17)
FN:357,(anonymous_18)
FN:358,(anonymous_19)
FN:364,(anonymous_20)
FN:444,(anonymous_21)
FN:489,(anonymous_22)
FN:502,(anonymous_23)
FN:522,(anonymous_24)
FN:593,(anonymous_25)
FN:599,(anonymous_26)
FN:633,(anonymous_27)
FN:644,(anonymous_28)
FN:668,(anonymous_29)
FN:738,(anonymous_30)
FN:772,(anonymous_31)
FN:956,(anonymous_32)
FN:1004,(anonymous_33)
FN:1056,(anonymous_34)
FN:1122,(anonymous_35)
FN:1134,(anonymous_36)
FNF:37
FNH:0
FNDA:0,PostDetailView
FNDA:0,(anonymous_1)
FNDA:0,(anonymous_2)
FNDA:0,(anonymous_3)
FNDA:0,(anonymous_4)
FNDA:0,(anonymous_5)
FNDA:0,(anonymous_6)
FNDA:0,(anonymous_7)
FNDA:0,(anonymous_8)
FNDA:0,(anonymous_9)
FNDA:0,(anonymous_10)
FNDA:0,(anonymous_11)
FNDA:0,(anonymous_12)
FNDA:0,(anonymous_13)
FNDA:0,(anonymous_14)
FNDA:0,(anonymous_15)
FNDA:0,(anonymous_16)
FNDA:0,(anonymous_17)
FNDA:0,(anonymous_18)
FNDA:0,(anonymous_19)
FNDA:0,(anonymous_20)
FNDA:0,(anonymous_21)
FNDA:0,(anonymous_22)
FNDA:0,(anonymous_23)
FNDA:0,(anonymous_24)
FNDA:0,(anonymous_25)
FNDA:0,(anonymous_26)
FNDA:0,(anonymous_27)
FNDA:0,(anonymous_28)
FNDA:0,(anonymous_29)
FNDA:0,(anonymous_30)
FNDA:0,(anonymous_31)
FNDA:0,(anonymous_32)
FNDA:0,(anonymous_33)
FNDA:0,(anonymous_34)
FNDA:0,(anonymous_35)
FNDA:0,(anonymous_36)
DA:43,0
DA:57,0
DA:58,0
DA:59,0
DA:60,0
DA:61,0
DA:62,0
DA:63,0
DA:64,0
DA:65,0
DA:66,0
DA:67,0
DA:68,0
DA:69,0
DA:70,0
DA:71,0
DA:72,0
DA:73,0
DA:76,0
DA:77,0
DA:78,0
DA:81,0
DA:82,0
DA:89,0
DA:90,0
DA:92,0
DA:93,0
DA:94,0
DA:98,0
DA:102,0
DA:105,0
DA:106,0
DA:108,0
DA:109,0
DA:110,0
DA:113,0
DA:119,0
DA:120,0
DA:121,0
DA:124,0
DA:125,0
DA:126,0
DA:127,0
DA:128,0
DA:129,0
DA:132,0
DA:140,0
DA:143,0
DA:144,0
DA:147,0
DA:148,0
DA:149,0
DA:151,0
DA:152,0
DA:154,0
DA:155,0
DA:159,0
DA:163,0
DA:164,0
DA:165,0
DA:167,0
DA:173,0
DA:174,0
DA:175,0
DA:178,0
DA:179,0
DA:182,0
DA:183,0
DA:184,0
DA:195,0
DA:196,0
DA:197,0
DA:199,0
DA:203,0
DA:204,0
DA:207,0
DA:222,0
DA:228,0
DA:230,0
DA:233,0
DA:234,0
DA:236,0
DA:238,0
DA:241,0
DA:242,0
DA:244,0
DA:246,0
DA:253,0
DA:263,0
DA:266,0
DA:272,0
DA:273,0
DA:277,0
DA:282,0
DA:283,0
DA:289,0
DA:290,0
DA:291,0
DA:292,0
DA:296,0
DA:297,0
DA:298,0
DA:299,0
DA:300,0
DA:301,0
DA:303,0
DA:304,0
DA:306,0
DA:307,0
DA:309,0
DA:310,0
DA:312,0
DA:314,0
DA:318,0
DA:319,0
DA:322,0
DA:323,0
DA:325,0
DA:328,0
DA:334,0
DA:336,0
DA:357,0
DA:358,0
DA:364,0
DA:366,0
DA:367,0
DA:368,0
DA:369,0
DA:370,0
DA:371,0
DA:373,0
DA:374,0
DA:375,0
DA:377,0
DA:444,0
DA:489,0
DA:502,0
DA:522,0
DA:523,0
DA:524,0
DA:525,0
DA:528,0
DA:530,0
DA:531,0
DA:533,0
DA:535,0
DA:541,0
DA:542,0
DA:543,0
DA:544,0
DA:547,0
DA:548,0
DA:552,0
DA:560,0
DA:561,0
DA:562,0
DA:563,0
DA:564,0
DA:566,0
DA:567,0
DA:568,0
DA:571,0
DA:572,0
DA:575,0
DA:578,0
DA:579,0
DA:580,0
DA:583,0
DA:584,0
DA:585,0
DA:587,0
DA:590,0
DA:593,0
DA:594,0
DA:599,0
DA:600,0
DA:601,0
DA:603,0
DA:604,0
DA:605,0
DA:609,0
DA:612,0
DA:613,0
DA:616,0
DA:617,0
DA:621,0
DA:624,0
DA:625,0
DA:626,0
DA:628,0
DA:633,0
DA:634,0
DA:635,0
DA:636,0
DA:637,0
DA:639,0
DA:640,0
DA:644,0
DA:645,0
DA:647,0
DA:648,0
DA:650,0
DA:663,0
DA:664,0
DA:665,0
DA:668,0
DA:669,0
DA:673,0
DA:679,0
DA:680,0
DA:681,0
DA:682,0
DA:685,0
DA:691,0
DA:692,0
DA:693,0
DA:697,0
DA:698,0
DA:701,0
DA:706,0
DA:707,0
DA:711,0
DA:717,0
DA:738,0
DA:772,0
DA:956,0
DA:1005,0
DA:1006,0
DA:1056,0
DA:1122,0
DA:1134,0
LF:231
LH:0
BRDA:90,0,0,0
BRDA:90,0,1,0
BRDA:93,1,0,0
BRDA:93,1,1,0
BRDA:119,2,0,0
BRDA:119,2,1,0
BRDA:124,3,0,0
BRDA:124,3,1,0
BRDA:134,4,0,0
BRDA:134,4,1,0
BRDA:134,4,2,0
BRDA:135,5,0,0
BRDA:135,5,1,0
BRDA:135,5,2,0
BRDA:136,6,0,0
BRDA:136,6,1,0
BRDA:137,7,0,0
BRDA:137,7,1,0
BRDA:143,8,0,0
BRDA:143,8,1,0
BRDA:144,9,0,0
BRDA:144,9,1,0
BRDA:147,10,0,0
BRDA:147,10,1,0
BRDA:173,11,0,0
BRDA:173,11,1,0
BRDA:178,12,0,0
BRDA:178,12,1,0
BRDA:182,13,0,0
BRDA:182,13,1,0
BRDA:182,14,0,0
BRDA:182,14,1,0
BRDA:195,15,0,0
BRDA:195,15,1,0
BRDA:228,16,0,0
BRDA:228,16,1,0
BRDA:228,17,0,0
BRDA:228,17,1,0
BRDA:233,18,0,0
BRDA:233,18,1,0
BRDA:236,19,0,0
BRDA:236,19,1,0
BRDA:236,20,0,0
BRDA:236,20,1,0
BRDA:241,21,0,0
BRDA:241,21,1,0
BRDA:244,22,0,0
BRDA:244,22,1,0
BRDA:244,23,0,0
BRDA:244,23,1,0
BRDA:272,24,0,0
BRDA:272,24,1,0
BRDA:273,25,0,0
BRDA:273,25,1,0
BRDA:282,26,0,0
BRDA:282,26,1,0
BRDA:283,27,0,0
BRDA:283,27,1,0
BRDA:303,28,0,0
BRDA:303,28,1,0
BRDA:304,29,0,0
BRDA:304,29,1,0
BRDA:307,30,0,0
BRDA:307,30,1,0
BRDA:310,31,0,0
BRDA:310,31,1,0
BRDA:319,32,0,0
BRDA:319,32,1,0
BRDA:322,33,0,0
BRDA:322,33,1,0
BRDA:322,33,2,0
BRDA:322,34,0,0
BRDA:322,34,1,0
BRDA:323,35,0,0
BRDA:323,35,1,0
BRDA:327,36,0,0
BRDA:327,36,1,0
BRDA:344,37,0,0
BRDA:344,37,1,0
BRDA:344,37,2,0
BRDA:364,38,0,0
BRDA:367,39,0,0
BRDA:367,39,1,0
BRDA:368,40,0,0
BRDA:368,40,1,0
BRDA:369,41,0,0
BRDA:369,41,1,0
BRDA:370,42,0,0
BRDA:370,42,1,0
BRDA:373,43,0,0
BRDA:373,43,1,0
BRDA:374,44,0,0
BRDA:374,44,1,0
BRDA:374,45,0,0
BRDA:374,45,1,0
BRDA:375,46,0,0
BRDA:375,46,1,0
BRDA:381,47,0,0
BRDA:381,47,1,0
BRDA:383,48,0,0
BRDA:383,48,1,0
BRDA:385,49,0,0
BRDA:385,49,1,0
BRDA:386,50,0,0
BRDA:386,50,1,0
BRDA:387,51,0,0
BRDA:387,51,1,0
BRDA:393,52,0,0
BRDA:393,52,1,0
BRDA:398,53,0,0
BRDA:398,53,1,0
BRDA:399,54,0,0
BRDA:399,54,1,0
BRDA:400,55,0,0
BRDA:400,55,1,0
BRDA:411,56,0,0
BRDA:411,56,1,0
BRDA:417,57,0,0
BRDA:417,57,1,0
BRDA:428,58,0,0
BRDA:428,58,1,0
BRDA:433,59,0,0
BRDA:433,59,1,0
BRDA:458,60,0,0
BRDA:458,60,1,0
BRDA:477,61,0,0
BRDA:477,61,1,0
BRDA:478,62,0,0
BRDA:478,62,1,0
BRDA:487,63,0,0
BRDA:487,63,1,0
BRDA:487,63,2,0
BRDA:487,63,3,0
BRDA:491,64,0,0
BRDA:491,64,1,0
BRDA:509,65,0,0
BRDA:509,65,1,0
BRDA:511,66,0,0
BRDA:511,66,1,0
BRDA:523,67,0,0
BRDA:523,67,1,0
BRDA:528,68,0,0
BRDA:528,68,1,0
BRDA:533,69,0,0
BRDA:533,69,1,0
BRDA:541,70,0,0
BRDA:541,70,1,0
BRDA:560,71,0,0
BRDA:560,71,1,0
BRDA:561,72,0,0
BRDA:561,72,1,0
BRDA:578,73,0,0
BRDA:578,73,1,0
BRDA:601,74,0,0
BRDA:601,74,1,0
BRDA:604,75,0,0
BRDA:604,75,1,0
BRDA:612,76,0,0
BRDA:612,76,1,0
BRDA:624,77,0,0
BRDA:624,77,1,0
BRDA:636,78,0,0
BRDA:636,78,1,0
BRDA:639,79,0,0
BRDA:639,79,1,0
BRDA:645,80,0,0
BRDA:645,80,1,0
BRDA:653,81,0,0
BRDA:653,81,1,0
BRDA:655,82,0,0
BRDA:655,82,1,0
BRDA:655,83,0,0
BRDA:655,83,1,0
BRDA:655,83,2,0
BRDA:656,84,0,0
BRDA:656,84,1,0
BRDA:656,85,0,0
BRDA:656,85,1,0
BRDA:679,86,0,0
BRDA:679,86,1,0
BRDA:691,87,0,0
BRDA:691,87,1,0
BRDA:691,88,0,0
BRDA:691,88,1,0
BRDA:691,88,2,0
BRDA:697,89,0,0
BRDA:697,89,1,0
BRDA:711,90,0,0
BRDA:711,90,1,0
BRDA:721,91,0,0
BRDA:721,91,1,0
BRDA:722,92,0,0
BRDA:722,92,1,0
BRDA:775,93,0,0
BRDA:775,93,1,0
BRDA:818,94,0,0
BRDA:818,94,1,0
BRDA:857,95,0,0
BRDA:857,95,1,0
BRDA:868,96,0,0
BRDA:868,96,1,0
BRDA:870,97,0,0
BRDA:870,97,1,0
BRDA:872,98,0,0
BRDA:872,98,1,0
BRDA:875,99,0,0
BRDA:875,99,1,0
BRDA:879,100,0,0
BRDA:879,100,1,0
BRDA:896,101,0,0
BRDA:896,101,1,0
BRDA:929,102,0,0
BRDA:929,102,1,0
BRDA:936,103,0,0
BRDA:936,103,1,0
BRDA:938,104,0,0
BRDA:938,104,1,0
BRDA:955,105,0,0
BRDA:955,105,1,0
BRDA:990,106,0,0
BRDA:990,106,1,0
BRDA:1016,107,0,0
BRDA:1016,107,1,0
BRDA:1018,108,0,0
BRDA:1018,108,1,0
BRDA:1042,109,0,0
BRDA:1042,109,1,0
BRDA:1063,110,0,0
BRDA:1063,110,1,0
BRDA:1068,111,0,0
BRDA:1068,111,1,0
BRDA:1070,112,0,0
BRDA:1070,112,1,0
BRDA:1073,113,0,0
BRDA:1073,113,1,0
BRDA:1091,114,0,0
BRDA:1091,114,1,0
BRDA:1113,115,0,0
BRDA:1113,115,1,0
BRF:239
BRH:0
end_of_record
TN:
SF:app\(root)\postDetailView\_layout.jsx
FN:3,Layout
FNF:1
FNH:0
FNDA:0,Layout
DA:4,0
LF:1
LH:0
BRF:0
BRH:0
end_of_record
TN:
SF:app\(root)\styles\theme.ts
FNF:0
FNH:0
DA:32,1
DA:46,1
DA:56,1
DA:67,1
DA:88,1
LF:5
LH:5
BRF:0
BRH:0
end_of_record
TN:
SF:components\BlockUserModal.js
FN:5,(anonymous_0)
FNF:1
FNH:0
FNDA:0,(anonymous_0)
DA:5,0
DA:6,0
LF:2
LH:0
BRF:0
BRH:0
end_of_record
TN:
SF:components\ChatItem.js
FN:31,ChatItem
FN:33,(anonymous_1)
FNF:2
FNH:0
FNDA:0,ChatItem
FNDA:0,(anonymous_1)
DA:33,0
DA:35,0
DA:38,0
LF:3
LH:0
BRDA:41,0,0,0
BRDA:41,0,1,0
BRDA:59,1,0,0
BRDA:59,1,1,0
BRDA:67,2,0,0
BRDA:67,2,1,0
BRF:6
BRH:0
end_of_record
TN:
SF:components\ChatOptionsModel.js
FN:8,(anonymous_0)
FN:19,(anonymous_1)
FN:25,(anonymous_2)
FN:40,(anonymous_3)
FN:54,(anonymous_4)
FN:67,(anonymous_5)
FN:74,(anonymous_6)
FNF:7
FNH:0
FNDA:0,(anonymous_0)
FNDA:0,(anonymous_1)
FNDA:0,(anonymous_2)
FNDA:0,(anonymous_3)
FNDA:0,(anonymous_4)
FNDA:0,(anonymous_5)
FNDA:0,(anonymous_6)
DA:8,0
DA:16,0
DA:17,0
DA:19,0
DA:20,0
DA:21,0
DA:22,0
DA:25,0
DA:26,0
DA:27,0
DA:28,0
DA:31,0
DA:40,0
DA:54,0
DA:67,0
DA:74,0
LF:16
LH:0
BRDA:44,0,0,0
BRDA:44,0,1,0
BRDA:49,1,0,0
BRDA:49,1,1,0
BRF:4
BRH:0
end_of_record
TN:
SF:components\ChatRoomModels.js
FN:14,(anonymous_0)
FN:35,(anonymous_1)
FN:57,(anonymous_2)
FN:90,(anonymous_3)
FN:122,(anonymous_4)
FN:132,(anonymous_5)
FN:148,(anonymous_6)
FN:212,(anonymous_7)
FN:221,(anonymous_8)
FN:222,(anonymous_9)
FN:228,(anonymous_10)
FN:270,(anonymous_11)
FNF:12
FNH:0
FNDA:0,(anonymous_0)
FNDA:0,(anonymous_1)
FNDA:0,(anonymous_2)
FNDA:0,(anonymous_3)
FNDA:0,(anonymous_4)
FNDA:0,(anonymous_5)
FNDA:0,(anonymous_6)
FNDA:0,(anonymous_7)
FNDA:0,(anonymous_8)
FNDA:0,(anonymous_9)
FNDA:0,(anonymous_10)
FNDA:0,(anonymous_11)
DA:14,0
DA:20,0
DA:36,0
DA:37,0
DA:58,0
DA:59,0
DA:90,0
DA:95,0
DA:124,0
DA:134,0
DA:148,0
DA:155,0
DA:212,0
DA:217,0
DA:218,0
DA:219,0
DA:221,0
DA:222,0
DA:223,0
DA:224,0
DA:228,0
DA:229,0
DA:230,0
DA:231,0
DA:232,0
DA:236,0
DA:237,0
DA:239,0
DA:240,0
DA:247,0
DA:270,0
LF:31
LH:0
BRDA:102,0,0,0
BRDA:102,0,1,0
BRDA:166,1,0,0
BRDA:166,1,1,0
BRDA:168,2,0,0
BRDA:168,2,1,0
BRDA:173,3,0,0
BRDA:173,3,1,0
BRDA:177,4,0,0
BRDA:177,4,1,0
BRDA:194,5,0,0
BRDA:194,5,1,0
BRDA:198,6,0,0
BRDA:198,6,1,0
BRDA:201,7,0,0
BRDA:201,7,1,0
BRDA:229,8,0,0
BRDA:229,8,1,0
BRDA:236,9,0,0
BRDA:236,9,1,0
BRDA:239,10,0,0
BRDA:239,10,1,0
BRDA:271,11,0,0
BRDA:271,11,1,0
BRF:24
BRH:0
end_of_record
TN:
SF:components\CreatePost.js
FN:28,(anonymous_0)
FN:45,(anonymous_1)
FN:52,(anonymous_2)
FN:67,(anonymous_3)
FN:90,(anonymous_4)
FN:97,(anonymous_5)
FN:109,(anonymous_6)
FN:113,(anonymous_7)
FN:116,(anonymous_8)
FN:127,(anonymous_9)
FN:135,(anonymous_10)
FN:157,(anonymous_11)
FN:163,(anonymous_12)
FN:171,(anonymous_13)
FN:174,(anonymous_14)
FN:179,(anonymous_15)
FN:186,(anonymous_16)
FN:195,(anonymous_17)
FN:209,(anonymous_18)
FN:216,(anonymous_19)
FN:244,(anonymous_20)
FN:372,(anonymous_21)
FN:396,(anonymous_22)
FNF:23
FNH:0
FNDA:0,(anonymous_0)
FNDA:0,(anonymous_1)
FNDA:0,(anonymous_2)
FNDA:0,(anonymous_3)
FNDA:0,(anonymous_4)
FNDA:0,(anonymous_5)
FNDA:0,(anonymous_6)
FNDA:0,(anonymous_7)
FNDA:0,(anonymous_8)
FNDA:0,(anonymous_9)
FNDA:0,(anonymous_10)
FNDA:0,(anonymous_11)
FNDA:0,(anonymous_12)
FNDA:0,(anonymous_13)
FNDA:0,(anonymous_14)
FNDA:0,(anonymous_15)
FNDA:0,(anonymous_16)
FNDA:0,(anonymous_17)
FNDA:0,(anonymous_18)
FNDA:0,(anonymous_19)
FNDA:0,(anonymous_20)
FNDA:0,(anonymous_21)
FNDA:0,(anonymous_22)
DA:28,0
DA:29,0
DA:31,0
DA:32,0
DA:33,0
DA:34,0
DA:35,0
DA:36,0
DA:37,0
DA:38,0
DA:39,0
DA:40,0
DA:41,0
DA:42,0
DA:45,0
DA:46,0
DA:47,0
DA:48,0
DA:52,0
DA:53,0
DA:54,0
DA:55,0
DA:56,0
DA:57,0
DA:59,0
DA:60,0
DA:67,0
[...]
BRDA:31,1,1,0
BRDA:31,2,0,0
BRDA:31,2,1,0
BRDA:42,3,0,0
BRDA:42,3,1,0
BRDA:50,4,0,0
BRDA:50,4,1,0
BRDA:58,5,0,0
BRDA:58,5,1,0
BRDA:72,6,0,0
BRDA:72,6,1,0
BRDA:74,7,0,0
BRDA:74,7,1,0
BRDA:84,8,0,0
BRDA:84,8,1,0
BRDA:97,9,0,0
BRDA:97,9,1,0
BRDA:115,10,0,0
BRDA:115,10,1,0
BRDA:128,11,0,0
BRDA:128,11,1,0
BRDA:131,12,0,0
BRDA:131,12,1,0
BRDA:134,13,0,0
BRDA:134,13,1,0
BRDA:140,14,0,0
BRDA:140,14,1,0
BRDA:141,15,0,0
BRDA:141,15,1,0
BRDA:142,16,0,0
BRDA:142,16,1,0
BRDA:143,17,0,0
BRDA:143,17,1,0
BRDA:144,18,0,0
BRDA:144,18,1,0
BRDA:155,19,0,0
BRDA:155,19,1,0
BRDA:155,20,0,0
BRDA:155,20,1,0
BRDA:170,21,0,0
BRDA:170,21,1,0
BRDA:179,22,0,0
BRDA:179,22,1,0
BRDA:185,23,0,0
BRDA:185,23,1,0
BRDA:186,24,0,0
BRDA:186,24,1,0
BRDA:187,25,0,0
BRDA:187,25,1,0
BRDA:212,26,0,0
BRDA:212,26,1,0
BRDA:228,27,0,0
BRDA:228,27,1,0
BRDA:248,28,0,0
BRDA:248,28,1,0
BRDA:250,29,0,0
BRDA:250,29,1,0
BRDA:252,30,0,0
BRDA:252,30,1,0
BRDA:270,31,0,0
BRDA:270,31,1,0
BRDA:276,32,0,0
BRDA:276,32,1,0
BRDA:296,33,0,0
BRDA:296,33,1,0
BRDA:320,34,0,0
BRDA:320,34,1,0
BRDA:328,35,0,0
BRDA:338,36,0,0
BRDA:338,36,1,0
BRDA:339,37,0,0
BRDA:339,37,1,0
BRDA:345,38,0,0
BRDA:345,38,1,0
BRDA:351,39,0,0
BRDA:351,39,1,0
BRDA:355,40,0,0
BRDA:355,40,1,0
BRDA:359,41,0,0
BRDA:359,41,1,0
BRDA:359,42,0,0
BRDA:359,42,1,0
BRDA:375,43,0,0
BRDA:375,43,1,0
BRDA:376,44,0,0
BRDA:376,44,1,0
BRDA:385,45,0,0
BRDA:385,45,1,0
BRDA:385,46,0,0
BRDA:385,46,1,0
BRDA:406,47,0,0
BRDA:406,47,1,0
BRDA:407,48,0,0
BRDA:407,48,1,0
BRDA:408,49,0,0
BRDA:408,49,1,0
BRDA:409,50,0,0
BRDA:409,50,1,0
BRDA:431,51,0,0
BRDA:431,51,1,0
BRDA:447,52,0,0
BRDA:447,52,1,0
BRDA:480,53,0,0
BRDA:480,53,1,0
BRDA:480,54,0,0
BRDA:480,54,1,0
BRDA:485,55,0,0
BRDA:485,55,1,0
BRDA:494,56,0,0
BRDA:494,56,1,0
BRDA:501,57,0,0
BRDA:501,57,1,0
BRDA:516,58,0,0
BRDA:516,58,1,0
BRDA:535,59,0,0
BRDA:535,59,1,0
BRDA:557,60,0,0
BRDA:557,60,1,0
BRDA:557,61,0,0
BRDA:557,61,1,0
BRDA:563,62,0,0
BRDA:563,62,1,0
BRDA:564,63,0,0
BRDA:564,63,1,0
BRDA:568,64,0,0
BRDA:568,64,1,0
BRDA:570,65,0,0
BRDA:570,65,1,0
BRDA:570,66,0,0
BRDA:570,66,1,0
BRDA:571,67,0,0
BRDA:571,67,1,0
BRDA:571,67,2,0
BRDA:574,68,0,0
BRDA:574,68,1,0
BRDA:574,68,2,0
BRDA:576,69,0,0
BRDA:576,69,1,0
BRDA:576,69,2,0
BRDA:581,70,0,0
BRDA:581,70,1,0
BRDA:643,71,0,0
BRDA:643,71,1,0
BRF:146
BRH:0
end_of_record
TN:
SF:context\chatContext.jsx
FN:16,ChatProvider
FN:22,(anonymous_1)
FN:36,(anonymous_2)
FN:38,(anonymous_3)
FN:41,(anonymous_4)
FN:66,(anonymous_5)
FN:68,(anonymous_6)
FN:83,(anonymous_7)
FNF:8
FNH:0
FNDA:0,ChatProvider
FNDA:0,(anonymous_1)
FNDA:0,(anonymous_2)
FNDA:0,(anonymous_3)
FNDA:0,(anonymous_4)
FNDA:0,(anonymous_5)
FNDA:0,(anonymous_6)
FNDA:0,(anonymous_7)
DA:14,0
DA:17,0
DA:18,0
DA:19,0
DA:20,0
DA:22,0
DA:23,0
DA:25,0
DA:26,0
DA:27,0
DA:29,0
DA:30,0
DA:36,0
DA:37,0
DA:39,0
DA:40,0
DA:41,0
DA:45,0
DA:46,0
DA:48,0
DA:57,0
DA:58,0
DA:61,0
DA:62,0
DA:66,0
DA:67,0
DA:68,0
DA:71,0
DA:83,0
LF:29
LH:0
BRDA:23,0,0,0
BRDA:23,0,1,0
BRF:2
BRH:0
end_of_record
TN:
SF:hooks\useGroupMessages.js
FN:5,(anonymous_0)
FN:11,(anonymous_1)
FN:14,(anonymous_2)
FN:17,(anonymous_3)
FN:37,(anonymous_4)
FN:44,(anonymous_5)
FNF:6
FNH:6
FNDA:82,(anonymous_0)
FNDA:22,(anonymous_1)
FNDA:21,(anonymous_2)
FNDA:1037,(anonymous_3)
FNDA:2,(anonymous_4)
FNDA:21,(anonymous_5)
DA:5,3
DA:6,82
DA:7,82
DA:8,82
DA:9,82
DA:11,61
DA:12,22
DA:15,21
DA:16,21
DA:18,1037
DA:20,1037
DA:21,0
DA:28,1
DA:29,1
DA:31,20
DA:32,20
DA:34,21
DA:38,2
DA:39,2
DA:40,2
DA:44,21
DA:47,61
LF:22
LH:21
BRDA:24,0,0,0
BRDA:24,0,1,0
BRF:2
BRH:0
end_of_record
TN:
SF:hooks\usePushNotifications.js
FN:10,(anonymous_0)
FN:17,usePushNotifications
FN:24,(anonymous_2)
FN:26,(anonymous_3)
FN:33,(anonymous_4)
FN:39,(anonymous_5)
FN:43,(anonymous_6)
FN:52,(anonymous_7)
FN:59,(anonymous_8)
FN:68,(anonymous_9)
FN:95,(anonymous_10)
FN:122,(anonymous_11)
FN:148,(anonymous_12)
FN:180,(anonymous_13)
FN:207,(anonymous_14)
FN:227,(anonymous_15)
FN:242,(anonymous_16)
FN:248,(anonymous_17)
FN:254,(anonymous_18)
FNF:19
FNH:14
FNDA:0,(anonymous_0)
FNDA:54,usePushNotifications
FNDA:31,(anonymous_2)
FNDA:28,(anonymous_3)
FNDA:3,(anonymous_4)
FNDA:0,(anonymous_5)
FNDA:3,(anonymous_6)
FNDA:3,(anonymous_7)
FNDA:26,(anonymous_8)
FNDA:29,(anonymous_9)
FNDA:0,(anonymous_10)
FNDA:3,(anonymous_11)
FNDA:3,(anonymous_12)
FNDA:32,(anonymous_13)
FNDA:0,(anonymous_14)
FNDA:1,(anonymous_15)
FNDA:0,(anonymous_16)
FNDA:1,(anonymous_17)
FNDA:2,(anonymous_18)
DA:9,4
DA:10,0
DA:18,54
DA:19,54
DA:20,54
DA:21,54
DA:22,54
DA:24,54
DA:25,31
DA:27,28
DA:28,28
DA:30,28
DA:34,3
DA:35,3
DA:38,31
DA:39,0
DA:43,31
DA:44,3
DA:45,3
DA:48,3
DA:52,26
DA:53,3
DA:56,3
DA:59,26
DA:60,26
DA:62,25
DA:68,54
DA:69,29
DA:70,29
DA:72,1
DA:73,0
DA:74,0
DA:78,1
DA:83,1
DA:84,0
DA:85,0
DA:88,1
DA:90,28
DA:95,54
DA:96,0
DA:97,0
DA:99,0
DA:100,0
DA:101,0
DA:105,0
DA:110,0
DA:111,0
DA:112,0
DA:115,0
DA:117,0
DA:122,54
DA:123,3
DA:126,3
DA:128,0
DA:130,0
DA:132,0
DA:134,0
DA:136,0
DA:138,0
DA:140,3
DA:144,3
DA:148,54
DA:149,3
DA:150,3
DA:152,3
DA:156,3
DA:157,1
DA:161,0
DA:163,0
DA:166,0
DA:171,0
DA:176,3
DA:180,54
DA:183,32
DA:184,0
DA:192,32
DA:193,32
DA:194,32
DA:196,32
DA:197,3
DA:198,3
DA:201,32
DA:202,0
DA:207,0
DA:210,0
DA:214,32
DA:218,29
DA:220,0
DA:223,29
DA:227,54
DA:228,1
DA:229,1
DA:230,1
DA:231,1
DA:232,1
DA:233,1
DA:236,0
DA:237,0
DA:242,54
DA:243,0
DA:244,0
DA:248,54
DA:249,1
DA:250,1
DA:254,54
DA:255,2
DA:265,54
LF:107
LH:71
BRDA:27,0,0,28
BRDA:27,0,1,0
BRDA:28,1,0,28
BRDA:28,1,1,0
BRDA:38,2,0,0
BRDA:38,2,1,31
BRDA:39,3,0,0
BRDA:39,3,1,0
BRDA:60,4,0,26
BRDA:60,4,1,13
BRDA:62,5,0,25
BRDA:62,5,1,11
BRDA:72,6,0,0
BRDA:72,6,1,1
BRDA:72,7,0,1
BRDA:72,7,1,1
BRDA:83,8,0,0
BRDA:83,8,1,1
BRDA:99,9,0,0
BRDA:99,9,1,0
BRDA:99,10,0,0
BRDA:99,10,1,0
BRDA:110,11,0,0
BRDA:110,11,1,0
BRDA:126,12,0,0
BRDA:126,12,1,0
BRDA:126,12,2,0
BRDA:126,12,3,3
BRDA:156,13,0,1
BRDA:156,13,1,2
BRDA:156,14,0,3
BRDA:156,14,1,2
BRDA:157,15,0,0
BRDA:157,15,1,0
BRDA:157,15,2,0
BRDA:183,16,0,0
BRDA:183,16,1,32
BRDA:192,17,0,32
BRDA:192,17,1,0
BRDA:196,18,0,3
BRDA:196,18,1,29
BRDA:201,19,0,0
BRDA:201,19,1,32
BRDA:230,20,0,1
BRDA:230,20,1,0
BRF:45
BRH:22
end_of_record
TN:
SF:hooks\useSafeNavigation.js
FN:5,useSafeNavigation
FN:5,(anonymous_1)
FN:9,(anonymous_2)
FN:14,(anonymous_3)
FN:18,(anonymous_4)
FN:23,(anonymous_5)
FN:36,(anonymous_6)
FN:41,(anonymous_7)
FN:53,(anonymous_8)
FN:55,(anonymous_9)
FNF:10
FNH:3
FNDA:2,useSafeNavigation
FNDA:0,(anonymous_1)
FNDA:0,(anonymous_2)
FNDA:0,(anonymous_3)
FNDA:0,(anonymous_4)
FNDA:0,(anonymous_5)
FNDA:0,(anonymous_6)
FNDA:0,(anonymous_7)
FNDA:2,(anonymous_8)
FNDA:2,(anonymous_9)
DA:6,2
DA:9,2
DA:10,0
DA:11,0
DA:14,0
DA:18,2
DA:19,0
DA:20,0
DA:21,0
DA:22,0
DA:23,0
DA:24,0
DA:25,0
DA:26,0
DA:27,0
DA:29,0
DA:31,0
DA:36,2
DA:37,0
DA:38,0
DA:39,0
DA:40,0
DA:41,0
DA:42,0
DA:43,0
DA:45,0
DA:47,0
DA:49,0
DA:53,2
DA:54,2
DA:55,2
DA:58,2
LF:32
LH:8
BRDA:5,0,0,0
BRDA:5,1,0,0
BRDA:11,2,0,0
BRDA:11,2,1,0
BRDA:11,3,0,0
BRDA:11,3,1,0
BRDA:18,4,0,0
BRDA:19,5,0,0
BRDA:19,5,1,0
BRDA:24,6,0,0
BRDA:24,6,1,0
BRDA:26,7,0,0
BRDA:26,7,1,0
BRDA:37,8,0,0
BRDA:37,8,1,0
BRDA:42,9,0,0
BRDA:42,9,1,0
BRF:17
BRH:0
end_of_record
TN:
SF:utiles\EncryptionService.js
FN:7,(anonymous_0)
FN:12,(anonymous_1)
FN:31,(anonymous_2)
FN:40,(anonymous_3)
FN:53,(anonymous_4)
FN:66,(anonymous_5)
FN:78,(anonymous_6)
FN:91,(anonymous_7)
FN:103,(anonymous_8)
FNF:9
FNH:0
FNDA:0,(anonymous_0)
FNDA:0,(anonymous_1)
FNDA:0,(anonymous_2)
FNDA:0,(anonymous_3)
FNDA:0,(anonymous_4)
FNDA:0,(anonymous_5)
FNDA:0,(anonymous_6)
FNDA:0,(anonymous_7)
FNDA:0,(anonymous_8)
DA:8,0
DA:9,0
DA:13,0
DA:15,0
DA:16,0
DA:18,0
DA:19,0
DA:20,0
DA:23,0
DA:24,0
DA:26,0
DA:27,0
DA:32,0
DA:33,0
DA:34,0
DA:35,0
DA:37,0
DA:41,0
DA:42,0
DA:43,0
DA:45,0
DA:48,0
DA:49,0
DA:54,0
DA:55,0
DA:56,0
DA:58,0
DA:61,0
DA:62,0
DA:67,0
DA:69,0
DA:70,0
DA:71,0
DA:73,0
DA:74,0
DA:79,0
DA:81,0
DA:82,0
DA:83,0
DA:84,0
DA:86,0
DA:87,0
DA:92,0
DA:94,0
DA:95,0
DA:96,0
DA:98,0
DA:99,0
DA:104,0
DA:106,0
DA:107,0
DA:108,0
DA:109,0
DA:111,0
DA:112,0
DA:117,0
LF:56
LH:0
BRDA:13,0,0,0
BRDA:13,0,1,0
BRDA:18,1,0,0
BRDA:18,1,1,0
BRDA:42,2,0,0
BRDA:42,2,1,0
BRDA:55,3,0,0
BRDA:55,3,1,0
BRDA:67,4,0,0
BRDA:67,4,1,0
BRDA:70,5,0,0
BRDA:70,5,1,0
BRDA:79,6,0,0
BRDA:79,6,1,0
BRDA:82,7,0,0
BRDA:82,7,1,0
BRDA:92,8,0,0
BRDA:92,8,1,0
BRDA:95,9,0,0
BRDA:95,9,1,0
BRDA:104,10,0,0
BRDA:104,10,1,0
BRDA:107,11,0,0
BRDA:107,11,1,0
BRF:24
BRH:0
end_of_record
TN:
SF:utiles\EventEmitter.js
FN:3,(anonymous_0)
FN:7,(anonymous_1)
FN:12,(anonymous_2)
FN:15,(anonymous_3)
FN:19,(anonymous_4)
FN:22,(anonymous_5)
FN:26,(anonymous_6)
FNF:7
FNH:0
FNDA:0,(anonymous_0)
FNDA:0,(anonymous_1)
FNDA:0,(anonymous_2)
FNDA:0,(anonymous_3)
FNDA:0,(anonymous_4)
FNDA:0,(anonymous_5)
FNDA:0,(anonymous_6)
DA:4,0
DA:8,0
DA:9,0
DA:11,0
DA:12,0
DA:16,0
DA:17,0
DA:19,0
DA:23,0
DA:24,0
DA:26,0
LF:11
LH:0
BRDA:8,0,0,0
BRDA:8,0,1,0
BRDA:16,1,0,0
BRDA:16,1,1,0
BRDA:23,2,0,0
BRDA:23,2,1,0
BRF:6
BRH:0
end_of_record
TN:
SF:utiles\common.js
FN:4,(anonymous_0)
FNF:1
FNH:0
FNDA:0,(anonymous_0)
DA:2,0
DA:4,0
DA:5,0
DA:6,0
DA:7,0
LF:5
LH:0
BRF:0
BRH:0
end_of_record
TN:
SF:utiles\dateFormat.js
FN:38,(anonymous_0)
FN:70,(anonymous_1)
FN:71,(anonymous_2)
FN:81,(anonymous_3)
FNF:4
FNH:0
FNDA:0,(anonymous_0)
FNDA:0,(anonymous_1)
FNDA:0,(anonymous_2)
FNDA:0,(anonymous_3)
DA:38,0
DA:39,0
DA:41,0
DA:42,0
DA:45,0
DA:46,0
DA:53,0
DA:54,0
DA:55,0
DA:63,0
DA:70,0
DA:71,0
DA:72,0
DA:73,0
DA:74,0
DA:76,0
DA:77,0
DA:81,0
DA:82,0
DA:83,0
LF:20
LH:0
BRDA:39,0,0,0
BRDA:39,0,1,0
BRDA:45,1,0,0
BRDA:45,1,1,0
BRDA:54,2,0,0
BRDA:54,2,1,0
BRDA:66,3,0,0
BRDA:66,3,1,0
BRDA:73,4,0,0
BRDA:73,4,1,0
BRDA:81,5,0,0
BRF:11
BRH:0
end_of_record
TN:
SF:utiles\encryption.js
FN:7,(anonymous_0)
FN:24,(anonymous_1)
FN:34,(anonymous_2)
FN:51,(anonymous_3)
FN:67,(anonymous_4)
FN:378,(anonymous_5)
FN:384,(anonymous_6)
FNF:7
FNH:0
FNDA:0,(anonymous_0)
FNDA:0,(anonymous_1)
FNDA:0,(anonymous_2)
FNDA:0,(anonymous_3)
FNDA:0,(anonymous_4)
FNDA:0,(anonymous_5)
FNDA:0,(anonymous_6)
DA:7,0
DA:8,0
DA:9,0
DA:10,0
DA:11,0
DA:14,0
DA:16,0
DA:17,0
DA:24,0
DA:25,0
DA:26,0
DA:27,0
DA:29,0
DA:34,0
DA:35,0
DA:36,0
DA:37,0
DA:38,0
DA:39,0
DA:41,0
DA:42,0
DA:45,0
DA:46,0
DA:51,0
DA:63,0
DA:67,0
DA:84,0
DA:378,0
DA:381,0
DA:384,0
DA:387,0
LF:31
LH:0
BRDA:10,0,0,0
BRDA:10,0,1,0
BRDA:37,1,0,0
BRDA:37,1,1,0
BRF:4
BRH:0
end_of_record
TN:
SF:utiles\errorMonitoring.js
FN:44,(anonymous_0)
FN:48,(anonymous_1)
FN:52,(anonymous_2)
FN:83,(anonymous_3)
FN:90,(anonymous_4)
FN:103,(anonymous_5)
FN:110,(anonymous_6)
FN:114,(anonymous_7)
FN:118,(anonymous_8)
FN:130,(anonymous_9)
FN:143,(anonymous_10)
FN:162,(anonymous_11)
FN:187,(anonymous_12)
FN:199,(anonymous_13)
FN:209,(anonymous_14)
FN:219,(anonymous_15)
FN:229,(anonymous_16)
FN:278,(anonymous_17)
FN:279,(anonymous_18)
FN:287,(anonymous_19)
FN:294,(anonymous_20)
FNF:21
FNH:0
FNDA:0,(anonymous_0)
FNDA:0,(anonymous_1)
FNDA:0,(anonymous_2)
FNDA:0,(anonymous_3)
FNDA:0,(anonymous_4)
FNDA:0,(anonymous_5)
FNDA:0,(anonymous_6)
FNDA:0,(anonymous_7)
FNDA:0,(anonymous_8)
FNDA:0,(anonymous_9)
FNDA:0,(anonymous_10)
FNDA:0,(anonymous_11)
FNDA:0,(anonymous_12)
FNDA:0,(anonymous_13)
FNDA:0,(anonymous_14)
FNDA:0,(anonymous_15)
FNDA:0,(anonymous_16)
FNDA:0,(anonymous_17)
FNDA:0,(anonymous_18)
FNDA:0,(anonymous_19)
FNDA:0,(anonymous_20)
DA:9,0
DA:22,0
DA:35,0
DA:44,0
DA:45,0
DA:46,0
DA:49,0
DA:50,0
DA:51,0
DA:52,0
DA:59,0
DA:60,0
DA:61,0
DA:64,0
DA:76,0
DA:78,0
DA:84,0
DA:85,0
DA:86,0
DA:87,0
DA:91,0
DA:92,0
DA:94,0
DA:100,0
DA:104,0
DA:105,0
DA:106,0
DA:107,0
DA:111,0
DA:115,0
DA:119,0
DA:131,0
DA:138,0
DA:139,0
DA:144,0
DA:155,0
DA:156,0
DA:159,0
DA:163,0
DA:170,0
DA:176,0
DA:177,0
DA:184,0
DA:188,0
DA:200,0
DA:210,0
DA:220,0
DA:230,0
DA:235,0
DA:237,0
DA:238,0
DA:239,0
DA:241,0
DA:242,0
DA:243,0
DA:245,0
DA:246,0
DA:253,0
DA:255,0
DA:256,0
DA:257,0
DA:258,0
DA:260,0
DA:267,0
DA:269,0
DA:275,0
DA:278,0
DA:279,0
DA:280,0
DA:287,0
DA:288,0
DA:294,0
DA:295,0
DA:301,0
LF:74
LH:0
BRDA:10,0,0,0
BRDA:10,0,1,0
BRDA:11,1,0,0
BRDA:11,1,1,0
BRDA:49,2,0,0
BRDA:49,2,1,0
BRDA:51,3,0,0
BRDA:51,3,1,0
BRDA:59,4,0,0
BRDA:59,4,1,0
BRDA:59,5,0,0
BRDA:59,5,1,0
BRDA:73,6,0,0
BRDA:73,6,1,0
BRDA:90,7,0,0
BRDA:118,8,0,0
BRDA:118,9,0,0
BRDA:118,10,0,0
BRDA:130,11,0,0
BRDA:130,12,0,0
BRDA:138,13,0,0
BRDA:138,13,1,0
BRDA:143,14,0,0
BRDA:146,15,0,0
BRDA:146,15,1,0
BRDA:147,16,0,0
BRDA:147,16,1,0
BRDA:155,17,0,0
BRDA:155,17,1,0
BRDA:162,18,0,0
BRDA:176,19,0,0
BRDA:176,19,1,0
BRDA:187,20,0,0
BRDA:199,21,0,0
BRDA:214,22,0,0
BRDA:214,22,1,0
BRDA:229,23,0,0
BRDA:245,24,0,0
BRDA:245,24,1,0
BRDA:287,25,0,0
BRDA:294,26,0,0
BRDA:294,27,0,0
BRF:42
BRH:0
end_of_record
TN:
SF:utiles\groupencryption.js
FNF:0
FNH:0
LF:0
LH:0
BRF:0
BRH:0
end_of_record
TN:
SF:utiles\helper.js
FN:1,(anonymous_0)
FNF:1
FNH:0
FNDA:0,(anonymous_0)
DA:1,0
DA:2,0
LF:2
LH:0
BRF:0
BRH:0
end_of_record
TN:
SF:utiles\inputValidation.js
FN:58,(anonymous_0)
FN:67,(anonymous_1)
FN:75,(anonymous_2)
FN:83,(anonymous_3)
FN:89,(anonymous_4)
FN:98,(anonymous_5)
FN:131,(anonymous_6)
FN:137,(anonymous_7)
FN:142,(anonymous_8)
FN:148,(anonymous_9)
FN:154,(anonymous_10)
FN:179,(anonymous_11)
FN:185,(anonymous_12)
FN:191,(anonymous_13)
FN:209,(anonymous_14)
FN:210,(anonymous_15)
FN:221,(anonymous_16)
FN:231,(anonymous_17)
FN:235,(anonymous_18)
FN:242,(anonymous_19)
FN:246,(anonymous_20)
FN:252,(anonymous_21)
FN:253,(anonymous_22)
FN:270,(anonymous_23)
FN:274,(anonymous_24)
FN:279,(anonymous_25)
FN:287,(anonymous_26)
FN:288,(anonymous_27)
FN:294,(anonymous_28)
FN:299,(anonymous_29)
FNF:30
FNH:0
FNDA:0,(anonymous_0)
FNDA:0,(anonymous_1)
FNDA:0,(anonymous_2)
FNDA:0,(anonymous_3)
FNDA:0,(anonymous_4)
FNDA:0,(anonymous_5)
FNDA:0,(anonymous_6)
FNDA:0,(anonymous_7)
FNDA:0,(anonymous_8)
FNDA:0,(anonymous_9)
FNDA:0,(anonymous_10)
FNDA:0,(anonymous_11)
FNDA:0,(anonymous_12)
FNDA:0,(anonymous_13)
FNDA:0,(anonymous_14)
FNDA:0,(anonymous_15)
FNDA:0,(anonymous_16)
FNDA:0,(anonymous_17)
FNDA:0,(anonymous_18)
FNDA:0,(anonymous_19)
FNDA:0,(anonymous_20)
FNDA:0,(anonymous_21)
FNDA:0,(anonymous_22)
FNDA:0,(anonymous_23)
FNDA:0,(anonymous_24)
FNDA:0,(anonymous_25)
FNDA:0,(anonymous_26)
FNDA:0,(anonymous_27)
FNDA:0,(anonymous_28)
FNDA:0,(anonymous_29)
DA:2,0
DA:56,0
DA:59,0
DA:60,0
DA:68,0
DA:69,0
DA:76,0
DA:77,0
DA:84,0
DA:85,0
DA:90,0
DA:91,0
DA:96,0
DA:99,0
DA:101,0
DA:102,0
DA:103,0
DA:106,0
DA:107,0
DA:111,0
DA:112,0
DA:115,0
DA:116,0
DA:120,0
DA:121,0
DA:124,0
DA:132,0
DA:133,0
DA:138,0
DA:143,0
DA:144,0
DA:149,0
DA:150,0
DA:155,0
DA:156,0
DA:159,0
DA:161,0
DA:166,0
DA:167,0
DA:168,0
DA:169,0
DA:170,0
DA:175,0
DA:180,0
DA:181,0
DA:186,0
DA:187,0
DA:192,0
DA:193,0
DA:195,0
DA:196,0
DA:197,0
DA:198,0
DA:199,0
DA:200,0
DA:205,0
DA:209,0
DA:211,0
DA:212,0
DA:219,0
DA:222,0
DA:223,0
DA:231,0
DA:236,0
DA:237,0
DA:242,0
DA:247,0
DA:252,0
DA:253,0
DA:255,0
DA:256,0
DA:257,0
DA:258,0
DA:260,0
DA:265,0
DA:270,0
DA:271,0
DA:272,0
DA:274,0
DA:275,0
DA:277,0
DA:279,0
DA:284,0
DA:287,0
DA:288,0
DA:294,0
DA:295,0
DA:296,0
DA:299,0
DA:301,0
LF:90
LH:0
BRDA:59,0,0,0
BRDA:59,0,1,0
BRDA:68,1,0,0
BRDA:68,1,1,0
BRDA:76,2,0,0
BRDA:76,2,1,0
BRDA:84,3,0,0
BRDA:84,3,1,0
BRDA:90,4,0,0
BRDA:90,4,1,0
BRDA:101,5,0,0
BRDA:101,5,1,0
BRDA:101,6,0,0
BRDA:101,6,1,0
BRDA:106,7,0,0
BRDA:106,7,1,0
BRDA:111,8,0,0
BRDA:111,8,1,0
BRDA:111,9,0,0
BRDA:111,9,1,0
BRDA:115,10,0,0
BRDA:115,10,1,0
BRDA:115,11,0,0
BRDA:115,11,1,0
BRDA:120,12,0,0
BRDA:120,12,1,0
BRDA:120,13,0,0
BRDA:120,13,1,0
BRDA:121,14,0,0
BRDA:121,14,1,0
BRDA:159,15,0,0
BRDA:159,15,1,0
BRDA:167,16,0,0
BRDA:167,16,1,0
BRDA:196,17,0,0
BRDA:196,17,1,0
BRDA:199,18,0,0
BRDA:199,18,1,0
BRDA:222,19,0,0
BRDA:222,19,1,0
BRDA:236,20,0,0
BRDA:236,20,1,0
BRDA:246,21,0,0
BRDA:247,22,0,0
BRDA:247,22,1,0
BRDA:257,23,0,0
BRDA:257,23,1,0
BRDA:270,24,0,0
BRDA:275,25,0,0
BRDA:275,25,1,0
BRDA:281,26,0,0
BRDA:281,26,1,0
BRF:52
BRH:0
end_of_record
TN:
SF:utiles\networkErrorHandler.js
FN:16,(anonymous_0)
FN:24,(anonymous_1)
FN:30,(anonymous_2)
FN:66,(anonymous_3)
FN:80,(anonymous_4)
FN:104,(anonymous_5)
FN:137,(anonymous_6)
FN:145,(anonymous_7)
FN:169,(anonymous_8)
FN:186,(anonymous_9)
FN:197,(anonymous_10)
FN:206,(anonymous_11)
FN:211,(anonymous_12)
FN:213,(anonymous_13)
FNF:14
FNH:0
FNDA:0,(anonymous_0)
FNDA:0,(anonymous_1)
FNDA:0,(anonymous_2)
FNDA:0,(anonymous_3)
FNDA:0,(anonymous_4)
FNDA:0,(anonymous_5)
FNDA:0,(anonymous_6)
FNDA:0,(anonymous_7)
FNDA:0,(anonymous_8)
FNDA:0,(anonymous_9)
FNDA:0,(anonymous_10)
FNDA:0,(anonymous_11)
FNDA:0,(anonymous_12)
FNDA:0,(anonymous_13)
DA:5,0
DA:17,0
DA:18,0
DA:19,0
DA:20,0
DA:25,0
DA:26,0
DA:31,0
DA:33,0
DA:34,0
DA:37,0
DA:39,0
DA:43,0
DA:44,0
DA:48,0
DA:49,0
DA:53,0
DA:54,0
DA:58,0
DA:59,0
DA:62,0
DA:67,0
DA:76,0
DA:81,0
DA:82,0
DA:91,0
DA:97,0
DA:99,0
DA:105,0
DA:106,0
DA:108,0
DA:109,0
DA:110,0
DA:113,0
DA:115,0
DA:116,0
DA:117,0
DA:118,0
DA:120,0
DA:123,0
DA:126,0
DA:127,0
DA:128,0
DA:132,0
DA:134,0
DA:137,0
DA:140,0
DA:146,0
DA:147,0
DA:150,0
DA:151,0
DA:154,0
DA:174,0
DA:177,0
DA:178,0
DA:180,0
DA:181,0
DA:183,0
DA:184,0
DA:186,0
DA:189,0
DA:192,0
DA:198,0
DA:203,0
DA:206,0
DA:207,0
DA:211,0
DA:212,0
DA:213,0
DA:215,0
DA:216,0
DA:220,0
DA:221,0
DA:223,0
DA:224,0
DA:225,0
DA:227,0
LF:77
LH:0
BRDA:31,0,0,0
BRDA:31,0,1,0
BRDA:33,1,0,0
BRDA:33,1,1,0
BRDA:34,2,0,0
BRDA:34,2,1,0
BRDA:37,3,0,0
BRDA:37,3,1,0
BRDA:37,4,0,0
BRDA:37,4,1,0
BRDA:37,4,2,0
BRDA:37,4,3,0
BRDA:43,5,0,0
BRDA:43,5,1,0
BRDA:43,6,0,0
BRDA:43,6,1,0
BRDA:48,7,0,0
BRDA:48,7,1,0
BRDA:48,8,0,0
BRDA:48,8,1,0
BRDA:48,8,2,0
BRDA:53,9,0,0
BRDA:53,9,1,0
BRDA:53,10,0,0
BRDA:53,10,1,0
BRDA:58,11,0,0
BRDA:58,11,1,0
BRDA:58,12,0,0
BRDA:58,12,1,0
BRDA:76,13,0,0
BRDA:76,13,1,0
BRDA:80,14,0,0
BRDA:88,15,0,0
BRDA:88,15,1,0
BRDA:104,16,0,0
BRDA:105,17,0,0
BRDA:105,17,1,0
BRDA:106,18,0,0
BRDA:106,18,1,0
BRDA:108,19,0,0
BRDA:108,19,1,0
BRDA:126,20,0,0
BRDA:126,20,1,0
BRDA:145,21,0,0
BRDA:150,22,0,0
BRDA:150,22,1,0
BRDA:159,23,0,0
BRDA:159,23,1,0
BRDA:169,24,0,0
BRDA:171,25,0,0
BRDA:172,26,0,0
BRDA:173,27,0,0
BRDA:183,28,0,0
BRDA:183,28,1,0
BRDA:211,29,0,0
BRDA:211,30,0,0
BRDA:224,31,0,0
BRDA:224,31,1,0
BRF:58
BRH:0
end_of_record
TN:
SF:utiles\safeNavigation.js
FN:5,(anonymous_0)
FN:6,(anonymous_1)
FN:9,(anonymous_2)
FN:10,(anonymous_3)
FN:23,(anonymous_4)
FN:43,(anonymous_5)
FN:44,(anonymous_6)
FN:46,(anonymous_7)
FN:47,(anonymous_8)
FN:58,(anonymous_9)
FN:74,(anonymous_10)
FNF:11
FNH:0
FNDA:0,(anonymous_0)
FNDA:0,(anonymous_1)
FNDA:0,(anonymous_2)
FNDA:0,(anonymous_3)
FNDA:0,(anonymous_4)
FNDA:0,(anonymous_5)
FNDA:0,(anonymous_6)
FNDA:0,(anonymous_7)
FNDA:0,(anonymous_8)
FNDA:0,(anonymous_9)
FNDA:0,(anonymous_10)
DA:5,0
DA:6,0
DA:7,0
DA:9,0
DA:10,0
DA:11,0
DA:12,0
DA:13,0
DA:14,0
DA:15,0
DA:17,0
DA:19,0
DA:21,0
DA:23,0
DA:24,0
DA:25,0
DA:26,0
DA:28,0
DA:29,0
DA:36,0
DA:37,0
DA:43,0
DA:44,0
DA:45,0
DA:46,0
DA:47,0
DA:48,0
DA:49,0
DA:50,0
DA:52,0
DA:54,0
DA:56,0
DA:58,0
DA:59,0
DA:60,0
DA:66,0
DA:67,0
DA:68,0
DA:74,0
DA:75,0
DA:77,0
DA:79,0
LF:42
LH:0
BRDA:5,0,0,0
BRDA:12,1,0,0
BRDA:12,1,1,0
BRDA:14,2,0,0
BRDA:14,2,1,0
BRDA:49,3,0,0
BRDA:49,3,1,0
BRF:7
BRH:0
end_of_record
TN:
SF:utiles\stringUtils.js
FN:6,(anonymous_0)
FN:10,(anonymous_1)
FN:22,(anonymous_2)
FN:34,(anonymous_3)
FNF:4
FNH:0
FNDA:0,(anonymous_0)
FNDA:0,(anonymous_1)
FNDA:0,(anonymous_2)
FNDA:0,(anonymous_3)
DA:6,0
DA:7,0
DA:8,0
DA:10,0
DA:13,0
DA:22,0
DA:23,0
DA:24,0
DA:34,0
DA:35,0
DA:37,0
DA:38,0
DA:40,0
DA:41,0
DA:42,0
DA:43,0
DA:45,0
DA:46,0
DA:47,0
DA:50,0
LF:20
LH:0
BRDA:7,0,0,0
BRDA:7,0,1,0
BRDA:22,1,0,0
BRDA:23,2,0,0
BRDA:23,2,1,0
BRDA:24,3,0,0
BRDA:24,3,1,0
BRDA:35,4,0,0
BRDA:35,4,1,0
BRDA:40,5,0,0
BRDA:40,5,1,0
BRDA:41,6,0,0
BRDA:41,6,1,0
BRDA:45,7,0,0
BRDA:45,7,1,0
BRF:15
BRH:0
end_of_record
TN:
SF:utiles\useAvatarSystem.js
FN:3,(anonymous_0)
FN:9,(anonymous_1)
FN:10,(anonymous_2)
FN:33,(anonymous_3)
FNF:4
FNH:0
FNDA:0,(anonymous_0)
FNDA:0,(anonymous_1)
FNDA:0,(anonymous_2)
FNDA:0,(anonymous_3)
DA:3,0
DA:4,0
DA:5,0
DA:6,0
DA:9,0
DA:10,0
DA:11,0
DA:12,0
DA:13,0
DA:14,0
DA:16,0
DA:17,0
DA:20,0
DA:21,0
DA:23,0
DA:27,0
DA:28,0
DA:33,0
DA:34,0
DA:35,0
DA:36,0
DA:38,0
DA:44,0
DA:45,0
DA:47,0
DA:48,0
DA:49,0
DA:51,0
DA:55,0
LF:29
LH:0
BRDA:16,0,0,0
BRDA:16,0,1,0
BRDA:16,1,0,0
BRDA:16,1,1,0
BRDA:27,2,0,0
BRDA:27,2,1,0
BRF:6
BRH:0
end_of_record
